2025-10-08 12:35:28 - Service starting...
2025-10-08 12:35:28 - Starting Waitress server...

2025-10-08T15:35:29Z INF Starting tunnel tunnelID=5c506711-6cd2-44a8-ab84-250a66d37337
2025-10-08T15:35:29Z INF Version 2025.8.1 (Checksum b5d598b00cc3a28cabc5812d9f762819334614bae452db4e7f23eefe7b081556)
2025-10-08T15:35:29Z INF GOOS: windows, GOVersion: go1.24.2, GoArch: amd64
2025-10-08T15:35:29Z INF Settings: map[cred-file:C:/Users/cmt/.cloudflared/5c506711-6cd2-44a8-ab84-250a66d37337.json credentials-file:C:/Users/cmt/.cloudflared/5c506711-6cd2-44a8-ab84-250a66d37337.json]
2025-10-08T15:35:29Z INF cloudflared will not automatically update on Windows systems.
2025-10-08T15:35:29Z INF Generated Connector ID: b2c7a061-fc53-46aa-9c18-b90b57ad5925
2025-10-08T15:35:29Z INF Initial protocol quic
2025-10-08T15:35:29Z INF ICMP proxy will use 192.168.1.3 as source for IPv4
2025-10-08T15:35:29Z INF ICMP proxy will use 2800:40:82:10d2:dc4a:5707:3a17:7e4b in zone Ethernet as source for IPv6
2025-10-08T15:35:29Z INF cloudflared does not support loading the system root certificate pool on Windows. Please use --origin-ca-pool <PATH> to specify the path to the certificate pool
2025-10-08T15:35:29Z INF ICMP proxy will use 192.168.1.3 as source for IPv4
2025-10-08T15:35:29Z INF Tunnel connection curve preferences: [X25519MLKEM768 CurveP256] connIndex=0 event=0 ip=198.41.200.43
2025-10-08T15:35:29Z INF ICMP proxy will use 2800:40:82:10d2:dc4a:5707:3a17:7e4b in zone Ethernet as source for IPv6
2025-10-08T15:35:29Z INF Starting metrics server on 127.0.0.1:20241/metrics
2025-10-08T15:35:29Z INF Registered tunnel connection connIndex=0 connection=a02b98b2-47ac-4bd8-b310-904bac632414 event=0 ip=198.41.200.43 location=eze01 protocol=quic
2025-10-08T15:35:29Z INF Tunnel connection curve preferences: [X25519MLKEM768 CurveP256] connIndex=1 event=0 ip=198.41.192.27
2025-10-08T15:35:30Z INF Registered tunnel connection connIndex=1 connection=410995c5-e202-4058-88fd-522a6bcb91f3 event=0 ip=198.41.192.27 location=eze05 protocol=quic
2025-10-08T15:35:30Z INF Tunnel connection curve preferences: [X25519MLKEM768 CurveP256] connIndex=2 event=0 ip=198.41.192.7
2025-10-08T15:35:31Z INF Registered tunnel connection connIndex=2 connection=d1147907-ffde-4a07-a749-f855de49a50e event=0 ip=198.41.192.7 location=eze05 protocol=quic
2025-10-08T15:35:31Z INF Tunnel connection curve preferences: [X25519MLKEM768 CurveP256] connIndex=3 event=0 ip=198.41.200.53
2025-10-08T15:35:31Z INF Registered tunnel connection connIndex=3 connection=11b7f4e9-fdd2-4201-b763-41026a37c8ac event=0 ip=198.41.200.53 location=eze07 protocol=quic
2025-10-08T15:35:57Z INF Initiating graceful shutdown due to signal terminated ...
2025-10-08T15:35:57Z ERR failed to run the datagram handler error="context canceled" connIndex=0 event=0 ip=198.41.200.43
2025-10-08T15:35:57Z ERR failed to run the datagram handler error="context canceled" connIndex=1 event=0 ip=198.41.192.27
2025-10-08T15:35:57Z ERR failed to serve tunnel connection error="accept stream listener encountered a failure while serving" connIndex=0 event=0 ip=198.41.200.43
2025-10-08T15:35:57Z ERR failed to serve tunnel connection error="accept stream listener encountered a failure while serving" connIndex=1 event=0 ip=198.41.192.27
2025-10-08T15:35:57Z ERR Serve tunnel error error="accept stream listener encountered a failure while serving" connIndex=0 event=0 ip=198.41.200.43
2025-10-08T15:35:57Z ERR Serve tunnel error error="accept stream listener encountered a failure while serving" connIndex=1 event=0 ip=198.41.192.27
2025-10-08T15:35:57Z INF Retrying connection in up to 1s connIndex=0 event=0 ip=198.41.200.43
2025-10-08T15:35:57Z INF Retrying connection in up to 1s connIndex=1 event=0 ip=198.41.192.27
2025-10-08T15:35:57Z ERR Connection terminated connIndex=0
2025-10-08T15:35:57Z ERR Connection terminated connIndex=1
2025-10-08T15:35:57Z ERR failed to run the datagram handler error="Application error 0x0 (remote)" connIndex=2 event=0 ip=198.41.192.7
2025-10-08T15:35:57Z ERR failed to run the datagram handler error="context canceled" connIndex=3 event=0 ip=198.41.200.53
2025-10-08T15:35:57Z ERR failed to serve tunnel connection error="accept stream listener encountered a failure while serving" connIndex=2 event=0 ip=198.41.192.7
2025-10-08T15:35:57Z ERR Serve tunnel error error="accept stream listener encountered a failure while serving" connIndex=2 event=0 ip=198.41.192.7
2025-10-08T15:35:57Z ERR failed to serve tunnel connection error="accept stream listener encountered a failure while serving" connIndex=3 event=0 ip=198.41.200.53
2025-10-08T15:35:57Z INF Retrying connection in up to 1s connIndex=2 event=0 ip=198.41.192.7
2025-10-08T15:35:57Z ERR Serve tunnel error error="accept stream listener encountered a failure while serving" connIndex=3 event=0 ip=198.41.200.53
2025-10-08T15:35:57Z ERR Connection terminated connIndex=2
2025-10-08T15:35:57Z INF Retrying connection in up to 1s connIndex=3 event=0 ip=198.41.200.53
2025-10-08T15:35:57Z ERR Connection terminated connIndex=3
2025-10-08T15:35:57Z ERR no more connections active and exiting
2025-10-08T15:35:57Z INF Tunnel server stopped
2025-10-08T15:35:57Z ERR icmp router terminated error="context canceled"
2025-10-08T15:35:57Z INF Metrics server stopped
2025-10-08 12:36:27 - Service starting...
2025-10-08 12:36:27 - Starting Waitress server...
2025-10-08 12:36:27 - Starting Cloudflare tunnel...
2025-10-08T15:36:27Z INF Starting tunnel tunnelID=5c506711-6cd2-44a8-ab84-250a66d37337
2025-10-08T15:36:27Z INF Version 2025.8.1 (Checksum b5d598b00cc3a28cabc5812d9f762819334614bae452db4e7f23eefe7b081556)
2025-10-08T15:36:27Z INF GOOS: windows, GOVersion: go1.24.2, GoArch: amd64
2025-10-08T15:36:27Z INF Settings: map[cred-file:C:/Users/cmt/.cloudflared/5c506711-6cd2-44a8-ab84-250a66d37337.json credentials-file:C:/Users/cmt/.cloudflared/5c506711-6cd2-44a8-ab84-250a66d37337.json]
2025-10-08T15:36:27Z INF cloudflared will not automatically update on Windows systems.
2025-10-08T15:36:27Z INF Generated Connector ID: 0b85b86d-3b35-413d-aa87-04312c37d9b0
2025-10-08T15:36:27Z INF Initial protocol quic
2025-10-08T15:36:27Z INF ICMP proxy will use 192.168.1.3 as source for IPv4
2025-10-08T15:36:27Z INF ICMP proxy will use 2800:40:82:10d2:dc4a:5707:3a17:7e4b in zone Ethernet as source for IPv6
2025-10-08T15:36:27Z INF cloudflared does not support loading the system root certificate pool on Windows. Please use --origin-ca-pool <PATH> to specify the path to the certificate pool
2025-10-08T15:36:27Z INF ICMP proxy will use 192.168.1.3 as source for IPv4
2025-10-08T15:36:27Z INF Tunnel connection curve preferences: [X25519MLKEM768 CurveP256] connIndex=0 event=0 ip=198.41.200.43
2025-10-08T15:36:27Z INF ICMP proxy will use 2800:40:82:10d2:dc4a:5707:3a17:7e4b in zone Ethernet as source for IPv6
2025-10-08T15:36:27Z INF Starting metrics server on 127.0.0.1:20241/metrics
2025-10-08T15:36:28Z INF Registered tunnel connection connIndex=0 connection=00a099a5-08a3-4043-b9bb-be346b5c3223 event=0 ip=198.41.200.43 location=eze07 protocol=quic
2025-10-08T15:36:28Z INF Tunnel connection curve preferences: [X25519MLKEM768 CurveP256] connIndex=1 event=0 ip=198.41.192.77
2025-10-08T15:36:29Z INF Registered tunnel connection connIndex=1 connection=b2153159-a531-412a-81ee-c35272129c7b event=0 ip=198.41.192.77 location=eze05 protocol=quic
2025-10-08T15:36:29Z INF Tunnel connection curve preferences: [X25519MLKEM768 CurveP256] connIndex=2 event=0 ip=198.41.200.73
2025-10-08T15:36:29Z INF Registered tunnel connection connIndex=2 connection=835a0813-80e3-4ad9-afa7-086f5819fe24 event=0 ip=198.41.200.73 location=eze01 protocol=quic
2025-10-08T15:36:30Z INF Tunnel connection curve preferences: [X25519MLKEM768 CurveP256] connIndex=3 event=0 ip=198.41.192.107
2025-10-08T15:36:30Z INF Registered tunnel connection connIndex=3 connection=6fb72969-2320-4b77-bb1b-1064234f9566 event=0 ip=198.41.192.107 location=eze05 protocol=quic
2025-10-08T15:38:20Z INF Initiating graceful shutdown due to signal interrupt ...
2025-10-08T15:38:20Z ERR failed to run the datagram handler error="context canceled" connIndex=1 event=0 ip=198.41.192.77
2025-10-08T15:38:20Z ERR failed to serve tunnel connection error="accept stream listener encountered a failure while serving" connIndex=1 event=0 ip=198.41.192.77
2025-10-08T15:38:20Z ERR Serve tunnel error error="accept stream listener encountered a failure while serving" connIndex=1 event=0 ip=198.41.192.77
2025-10-08T15:38:20Z INF Retrying connection in up to 1s connIndex=1 event=0 ip=198.41.192.77
2025-10-08T15:38:20Z ERR failed to run the datagram handler error="context canceled" connIndex=0 event=0 ip=198.41.200.43
2025-10-08T15:38:20Z ERR Connection terminated connIndex=1
2025-10-08T15:38:20Z ERR failed to serve tunnel connection error="accept stream listener encountered a failure while serving" connIndex=0 event=0 ip=198.41.200.43
2025-10-08T15:38:20Z ERR Serve tunnel error error="accept stream listener encountered a failure while serving" connIndex=0 event=0 ip=198.41.200.43
2025-10-08T15:38:20Z ERR failed to run the datagram handler error="context canceled" connIndex=3 event=0 ip=198.41.192.107
2025-10-08T15:38:20Z ERR failed to run the datagram handler error="context canceled" connIndex=2 event=0 ip=198.41.200.73
2025-10-08T15:38:20Z ERR failed to serve tunnel connection error="accept stream listener encountered a failure while serving" connIndex=3 event=0 ip=198.41.192.107
2025-10-08T15:38:20Z INF Retrying connection in up to 1s connIndex=0 event=0 ip=198.41.200.43
2025-10-08T15:38:20Z ERR Serve tunnel error error="accept stream listener encountered a failure while serving" connIndex=3 event=0 ip=198.41.192.107
2025-10-08T15:38:20Z ERR failed to serve tunnel connection error="accept stream listener encountered a failure while serving" connIndex=2 event=0 ip=198.41.200.73
2025-10-08T15:38:20Z INF Retrying connection in up to 1s connIndex=3 event=0 ip=198.41.192.107
2025-10-08T15:38:20Z ERR Serve tunnel error error="accept stream listener encountered a failure while serving" connIndex=2 event=0 ip=198.41.200.73
2025-10-08T15:38:20Z ERR Connection terminated connIndex=0
2025-10-08T15:38:20Z INF Retrying connection in up to 1s connIndex=2 event=0 ip=198.41.200.73
2025-10-08T15:38:20Z ERR Connection terminated connIndex=3
2025-10-08T15:38:20Z ERR Connection terminated connIndex=2
2025-10-08T15:38:20Z ERR no more connections active and exiting
2025-10-08T15:38:20Z INF Tunnel server stopped
2025-10-08T15:38:20Z ERR icmp router terminated error="context canceled"
2025-10-08T15:38:20Z INF Metrics server stopped
2025-10-08 12:38:20 - Cloudflare tunnel exited, restarting in 5s...
2025-10-08 12:38:21 - Service main thread exiting (should never happen)
2025-10-08 12:38:57 - Service starting...
2025-10-08 12:38:57 - Starting Waitress server...

2025-10-08T15:38:57Z ERR Cannot determine default origin certificate path. No file cert.pem in [~/.cloudflared ~/.cloudflare-warp ~/cloudflare-warp]. You need to specify the origin certificate path by specifying the origincert option in the configuration file, or set TUNNEL_ORIGIN_CERT environment variable originCertPath=
error parsing tunnel ID: Error locating origin cert: client didn't specify origincert path
2025-10-08 12:38:57 - Cloudflare tunnel exited, restarting in 5s...
2025-10-08 12:39:02 - Starting Cloudflare tunnel...
2025-10-08T15:39:02Z ERR Cannot determine default origin certificate path. No file cert.pem in [~/.cloudflared ~/.cloudflare-warp ~/cloudflare-warp]. You need to specify the origin certificate path by specifying the origincert option in the configuration file, or set TUNNEL_ORIGIN_CERT environment variable originCertPath=
error parsing tunnel ID: Error locating origin cert: client didn't specify origincert path
2025-10-08 12:39:02 - Cloudflare tunnel exited, restarting in 5s...
2025-10-08 12:39:07 - Starting Cloudflare tunnel...
2025-10-08T15:39:07Z ERR Cannot determine default origin certificate path. No file cert.pem in [~/.cloudflared ~/.cloudflare-warp ~/cloudflare-warp]. You need to specify the origin certificate path by specifying the origincert option in the configuration file, or set TUNNEL_ORIGIN_CERT environment variable originCertPath=
error parsing tunnel ID: Error locating origin cert: client didn't specify origincert path
2025-10-08 12:39:08 - Cloudflare tunnel exited, restarting in 5s...
2025-10-08 12:39:13 - Starting Cloudflare tunnel...
2025-10-08T15:39:13Z ERR Cannot determine default origin certificate path. No file cert.pem in [~/.cloudflared ~/.cloudflare-warp ~/cloudflare-warp]. You need to specify the origin certificate path by specifying the origincert option in the configuration file, or set TUNNEL_ORIGIN_CERT environment variable originCertPath=
error parsing tunnel ID: Error locating origin cert: client didn't specify origincert path
2025-10-08 12:39:13 - Cloudflare tunnel exited, restarting in 5s...
2025-10-08 12:39:18 - Starting Cloudflare tunnel...
2025-10-08T15:39:18Z ERR Cannot determine default origin certificate path. No file cert.pem in [~/.cloudflared ~/.cloudflare-warp ~/cloudflare-warp]. You need to specify the origin certificate path by specifying the origincert option in the configuration file, or set TUNNEL_ORIGIN_CERT environment variable originCertPath=
error parsing tunnel ID: Error locating origin cert: client didn't specify origincert path
2025-10-08 12:39:18 - Cloudflare tunnel exited, restarting in 5s...
2025-10-08 12:39:23 - Starting Cloudflare tunnel...
2025-10-08T15:39:23Z ERR Cannot determine default origin certificate path. No file cert.pem in [~/.cloudflared ~/.cloudflare-warp ~/cloudflare-warp]. You need to specify the origin certificate path by specifying the origincert option in the configuration file, or set TUNNEL_ORIGIN_CERT environment variable originCertPath=
error parsing tunnel ID: Error locating origin cert: client didn't specify origincert path
2025-10-08 12:39:23 - Cloudflare tunnel exited, restarting in 5s...
2025-10-08 12:39:28 - Starting Cloudflare tunnel...
2025-10-08T15:39:28Z ERR Cannot determine default origin certificate path. No file cert.pem in [~/.cloudflared ~/.cloudflare-warp ~/cloudflare-warp]. You need to specify the origin certificate path by specifying the origincert option in the configuration file, or set TUNNEL_ORIGIN_CERT environment variable originCertPath=
error parsing tunnel ID: Error locating origin cert: client didn't specify origincert path
2025-10-08 12:39:28 - Cloudflare tunnel exited, restarting in 5s...
2025-10-08 12:39:33 - Starting Cloudflare tunnel...
2025-10-08T15:39:33Z ERR Cannot determine default origin certificate path. No file cert.pem in [~/.cloudflared ~/.cloudflare-warp ~/cloudflare-warp]. You need to specify the origin certificate path by specifying the origincert option in the configuration file, or set TUNNEL_ORIGIN_CERT environment variable originCertPath=
error parsing tunnel ID: Error locating origin cert: client didn't specify origincert path
2025-10-08 12:39:33 - Cloudflare tunnel exited, restarting in 5s...
2025-10-08 12:39:38 - Starting Cloudflare tunnel...
2025-10-08T15:39:38Z ERR Cannot determine default origin certificate path. No file cert.pem in [~/.cloudflared ~/.cloudflare-warp ~/cloudflare-warp]. You need to specify the origin certificate path by specifying the origincert option in the configuration file, or set TUNNEL_ORIGIN_CERT environment variable originCertPath=
error parsing tunnel ID: Error locating origin cert: client didn't specify origincert path
2025-10-08 12:39:38 - Cloudflare tunnel exited, restarting in 5s...
2025-10-08 12:39:43 - Starting Cloudflare tunnel...
2025-10-08T15:39:43Z ERR Cannot determine default origin certificate path. No file cert.pem in [~/.cloudflared ~/.cloudflare-warp ~/cloudflare-warp]. You need to specify the origin certificate path by specifying the origincert option in the configuration file, or set TUNNEL_ORIGIN_CERT environment variable originCertPath=
error parsing tunnel ID: Error locating origin cert: client didn't specify origincert path
2025-10-08 12:39:43 - Cloudflare tunnel exited, restarting in 5s...
2025-10-08 12:39:48 - Starting Cloudflare tunnel...
2025-10-08T15:39:48Z ERR Cannot determine default origin certificate path. No file cert.pem in [~/.cloudflared ~/.cloudflare-warp ~/cloudflare-warp]. You need to specify the origin certificate path by specifying the origincert option in the configuration file, or set TUNNEL_ORIGIN_CERT environment variable originCertPath=
error parsing tunnel ID: Error locating origin cert: client didn't specify origincert path
2025-10-08 12:39:48 - Cloudflare tunnel exited, restarting in 5s...
2025-10-08 12:39:53 - Starting Cloudflare tunnel...
2025-10-08T15:39:54Z ERR Cannot determine default origin certificate path. No file cert.pem in [~/.cloudflared ~/.cloudflare-warp ~/cloudflare-warp]. You need to specify the origin certificate path by specifying the origincert option in the configuration file, or set TUNNEL_ORIGIN_CERT environment variable originCertPath=
error parsing tunnel ID: Error locating origin cert: client didn't specify origincert path
2025-10-08 12:39:54 - Cloudflare tunnel exited, restarting in 5s...
2025-10-08 12:39:59 - Starting Cloudflare tunnel...
2025-10-08T15:39:59Z ERR Cannot determine default origin certificate path. No file cert.pem in [~/.cloudflared ~/.cloudflare-warp ~/cloudflare-warp]. You need to specify the origin certificate path by specifying the origincert option in the configuration file, or set TUNNEL_ORIGIN_CERT environment variable originCertPath=
error parsing tunnel ID: Error locating origin cert: client didn't specify origincert path
2025-10-08 12:39:59 - Cloudflare tunnel exited, restarting in 5s...
2025-10-08 12:40:04 - Starting Cloudflare tunnel...
2025-10-08T15:40:04Z ERR Cannot determine default origin certificate path. No file cert.pem in [~/.cloudflared ~/.cloudflare-warp ~/cloudflare-warp]. You need to specify the origin certificate path by specifying the origincert option in the configuration file, or set TUNNEL_ORIGIN_CERT environment variable originCertPath=
error parsing tunnel ID: Error locating origin cert: client didn't specify origincert path
2025-10-08 12:40:04 - Cloudflare tunnel exited, restarting in 5s...
2025-10-08 12:40:09 - Starting Cloudflare tunnel...
2025-10-08T15:40:09Z ERR Cannot determine default origin certificate path. No file cert.pem in [~/.cloudflared ~/.cloudflare-warp ~/cloudflare-warp]. You need to specify the origin certificate path by specifying the origincert option in the configuration file, or set TUNNEL_ORIGIN_CERT environment variable originCertPath=
error parsing tunnel ID: Error locating origin cert: client didn't specify origincert path
2025-10-08 12:40:09 - Cloudflare tunnel exited, restarting in 5s...
2025-10-08 12:40:14 - Starting Cloudflare tunnel...
2025-10-08T15:40:14Z ERR Cannot determine default origin certificate path. No file cert.pem in [~/.cloudflared ~/.cloudflare-warp ~/cloudflare-warp]. You need to specify the origin certificate path by specifying the origincert option in the configuration file, or set TUNNEL_ORIGIN_CERT environment variable originCertPath=
error parsing tunnel ID: Error locating origin cert: client didn't specify origincert path
2025-10-08 12:40:14 - Cloudflare tunnel exited, restarting in 5s...
2025-10-08 12:40:19 - Starting Cloudflare tunnel...
2025-10-08T15:40:19Z ERR Cannot determine default origin certificate path. No file cert.pem in [~/.cloudflared ~/.cloudflare-warp ~/cloudflare-warp]. You need to specify the origin certificate path by specifying the origincert option in the configuration file, or set TUNNEL_ORIGIN_CERT environment variable originCertPath=
error parsing tunnel ID: Error locating origin cert: client didn't specify origincert path
2025-10-08 12:40:19 - Cloudflare tunnel exited, restarting in 5s...
2025-10-08 12:40:24 - Starting Cloudflare tunnel...
2025-10-08T15:40:24Z ERR Cannot determine default origin certificate path. No file cert.pem in [~/.cloudflared ~/.cloudflare-warp ~/cloudflare-warp]. You need to specify the origin certificate path by specifying the origincert option in the configuration file, or set TUNNEL_ORIGIN_CERT environment variable originCertPath=
error parsing tunnel ID: Error locating origin cert: client didn't specify origincert path
2025-10-08 12:40:24 - Cloudflare tunnel exited, restarting in 5s...
2025-10-08 12:40:29 - Starting Cloudflare tunnel...
2025-10-08T15:40:29Z ERR Cannot determine default origin certificate path. No file cert.pem in [~/.cloudflared ~/.cloudflare-warp ~/cloudflare-warp]. You need to specify the origin certificate path by specifying the origincert option in the configuration file, or set TUNNEL_ORIGIN_CERT environment variable originCertPath=
error parsing tunnel ID: Error locating origin cert: client didn't specify origincert path
2025-10-08 12:40:29 - Cloudflare tunnel exited, restarting in 5s...
2025-10-08 12:40:34 - Starting Cloudflare tunnel...
2025-10-08T15:40:34Z ERR Cannot determine default origin certificate path. No file cert.pem in [~/.cloudflared ~/.cloudflare-warp ~/cloudflare-warp]. You need to specify the origin certificate path by specifying the origincert option in the configuration file, or set TUNNEL_ORIGIN_CERT environment variable originCertPath=
error parsing tunnel ID: Error locating origin cert: client didn't specify origincert path
2025-10-08 12:40:34 - Cloudflare tunnel exited, restarting in 5s...
2025-10-08 12:40:39 - Starting Cloudflare tunnel...
2025-10-08T15:40:40Z ERR Cannot determine default origin certificate path. No file cert.pem in [~/.cloudflared ~/.cloudflare-warp ~/cloudflare-warp]. You need to specify the origin certificate path by specifying the origincert option in the configuration file, or set TUNNEL_ORIGIN_CERT environment variable originCertPath=
error parsing tunnel ID: Error locating origin cert: client didn't specify origincert path
2025-10-08 12:40:40 - Cloudflare tunnel exited, restarting in 5s...
2025-10-08 12:40:45 - Starting Cloudflare tunnel...
2025-10-08T15:40:45Z ERR Cannot determine default origin certificate path. No file cert.pem in [~/.cloudflared ~/.cloudflare-warp ~/cloudflare-warp]. You need to specify the origin certificate path by specifying the origincert option in the configuration file, or set TUNNEL_ORIGIN_CERT environment variable originCertPath=
error parsing tunnel ID: Error locating origin cert: client didn't specify origincert path
2025-10-08 12:40:45 - Cloudflare tunnel exited, restarting in 5s...
2025-10-08 12:40:50 - Starting Cloudflare tunnel...
2025-10-08T15:40:50Z ERR Cannot determine default origin certificate path. No file cert.pem in [~/.cloudflared ~/.cloudflare-warp ~/cloudflare-warp]. You need to specify the origin certificate path by specifying the origincert option in the configuration file, or set TUNNEL_ORIGIN_CERT environment variable originCertPath=
error parsing tunnel ID: Error locating origin cert: client didn't specify origincert path
2025-10-08 12:40:50 - Cloudflare tunnel exited, restarting in 5s...
2025-10-08 12:40:55 - Starting Cloudflare tunnel...
2025-10-08T15:40:55Z ERR Cannot determine default origin certificate path. No file cert.pem in [~/.cloudflared ~/.cloudflare-warp ~/cloudflare-warp]. You need to specify the origin certificate path by specifying the origincert option in the configuration file, or set TUNNEL_ORIGIN_CERT environment variable originCertPath=
error parsing tunnel ID: Error locating origin cert: client didn't specify origincert path
2025-10-08 12:40:55 - Cloudflare tunnel exited, restarting in 5s...
2025-10-08 12:41:00 - Starting Cloudflare tunnel...
2025-10-08T15:41:00Z ERR Cannot determine default origin certificate path. No file cert.pem in [~/.cloudflared ~/.cloudflare-warp ~/cloudflare-warp]. You need to specify the origin certificate path by specifying the origincert option in the configuration file, or set TUNNEL_ORIGIN_CERT environment variable originCertPath=
error parsing tunnel ID: Error locating origin cert: client didn't specify origincert path
2025-10-08 12:41:00 - Cloudflare tunnel exited, restarting in 5s...
2025-10-08 12:41:05 - Starting Cloudflare tunnel...
2025-10-08T15:41:05Z ERR Cannot determine default origin certificate path. No file cert.pem in [~/.cloudflared ~/.cloudflare-warp ~/cloudflare-warp]. You need to specify the origin certificate path by specifying the origincert option in the configuration file, or set TUNNEL_ORIGIN_CERT environment variable originCertPath=
error parsing tunnel ID: Error locating origin cert: client didn't specify origincert path
2025-10-08 12:41:05 - Cloudflare tunnel exited, restarting in 5s...
2025-10-08 12:41:10 - Starting Cloudflare tunnel...
2025-10-08T15:41:10Z ERR Cannot determine default origin certificate path. No file cert.pem in [~/.cloudflared ~/.cloudflare-warp ~/cloudflare-warp]. You need to specify the origin certificate path by specifying the origincert option in the configuration file, or set TUNNEL_ORIGIN_CERT environment variable originCertPath=
error parsing tunnel ID: Error locating origin cert: client didn't specify origincert path
2025-10-08 12:41:10 - Cloudflare tunnel exited, restarting in 5s...
2025-10-08 12:41:15 - Starting Cloudflare tunnel...
2025-10-08T15:41:15Z ERR Cannot determine default origin certificate path. No file cert.pem in [~/.cloudflared ~/.cloudflare-warp ~/cloudflare-warp]. You need to specify the origin certificate path by specifying the origincert option in the configuration file, or set TUNNEL_ORIGIN_CERT environment variable originCertPath=
error parsing tunnel ID: Error locating origin cert: client didn't specify origincert path
2025-10-08 12:41:15 - Cloudflare tunnel exited, restarting in 5s...
2025-10-08 12:41:20 - Starting Cloudflare tunnel...
2025-10-08T15:41:20Z ERR Cannot determine default origin certificate path. No file cert.pem in [~/.cloudflared ~/.cloudflare-warp ~/cloudflare-warp]. You need to specify the origin certificate path by specifying the origincert option in the configuration file, or set TUNNEL_ORIGIN_CERT environment variable originCertPath=
error parsing tunnel ID: Error locating origin cert: client didn't specify origincert path
2025-10-08 12:41:20 - Cloudflare tunnel exited, restarting in 5s...
2025-10-08 12:41:25 - Starting Cloudflare tunnel...
2025-10-08T15:41:26Z ERR Cannot determine default origin certificate path. No file cert.pem in [~/.cloudflared ~/.cloudflare-warp ~/cloudflare-warp]. You need to specify the origin certificate path by specifying the origincert option in the configuration file, or set TUNNEL_ORIGIN_CERT environment variable originCertPath=
error parsing tunnel ID: Error locating origin cert: client didn't specify origincert path
2025-10-08 12:41:26 - Cloudflare tunnel exited, restarting in 5s...
2025-10-08 12:41:31 - Starting Cloudflare tunnel...
2025-10-08T15:41:31Z ERR Cannot determine default origin certificate path. No file cert.pem in [~/.cloudflared ~/.cloudflare-warp ~/cloudflare-warp]. You need to specify the origin certificate path by specifying the origincert option in the configuration file, or set TUNNEL_ORIGIN_CERT environment variable originCertPath=
error parsing tunnel ID: Error locating origin cert: client didn't specify origincert path
2025-10-08 12:41:31 - Cloudflare tunnel exited, restarting in 5s...
2025-10-08 12:41:36 - Starting Cloudflare tunnel...
2025-10-08T15:41:36Z ERR Cannot determine default origin certificate path. No file cert.pem in [~/.cloudflared ~/.cloudflare-warp ~/cloudflare-warp]. You need to specify the origin certificate path by specifying the origincert option in the configuration file, or set TUNNEL_ORIGIN_CERT environment variable originCertPath=
error parsing tunnel ID: Error locating origin cert: client didn't specify origincert path
2025-10-08 12:41:36 - Cloudflare tunnel exited, restarting in 5s...
2025-10-08 12:41:41 - Starting Cloudflare tunnel...
2025-10-08T15:41:41Z ERR Cannot determine default origin certificate path. No file cert.pem in [~/.cloudflared ~/.cloudflare-warp ~/cloudflare-warp]. You need to specify the origin certificate path by specifying the origincert option in the configuration file, or set TUNNEL_ORIGIN_CERT environment variable originCertPath=
error parsing tunnel ID: Error locating origin cert: client didn't specify origincert path
2025-10-08 12:41:41 - Cloudflare tunnel exited, restarting in 5s...
2025-10-08 12:41:46 - Starting Cloudflare tunnel...
2025-10-08T15:41:46Z ERR Cannot determine default origin certificate path. No file cert.pem in [~/.cloudflared ~/.cloudflare-warp ~/cloudflare-warp]. You need to specify the origin certificate path by specifying the origincert option in the configuration file, or set TUNNEL_ORIGIN_CERT environment variable originCertPath=
error parsing tunnel ID: Error locating origin cert: client didn't specify origincert path
2025-10-08 12:41:46 - Cloudflare tunnel exited, restarting in 5s...
2025-10-08 12:41:51 - Starting Cloudflare tunnel...
2025-10-08T15:41:51Z ERR Cannot determine default origin certificate path. No file cert.pem in [~/.cloudflared ~/.cloudflare-warp ~/cloudflare-warp]. You need to specify the origin certificate path by specifying the origincert option in the configuration file, or set TUNNEL_ORIGIN_CERT environment variable originCertPath=
error parsing tunnel ID: Error locating origin cert: client didn't specify origincert path
2025-10-08 12:41:51 - Cloudflare tunnel exited, restarting in 5s...
2025-10-08 12:41:56 - Starting Cloudflare tunnel...
2025-10-08T15:41:56Z ERR Cannot determine default origin certificate path. No file cert.pem in [~/.cloudflared ~/.cloudflare-warp ~/cloudflare-warp]. You need to specify the origin certificate path by specifying the origincert option in the configuration file, or set TUNNEL_ORIGIN_CERT environment variable originCertPath=
error parsing tunnel ID: Error locating origin cert: client didn't specify origincert path
2025-10-08 12:41:56 - Cloudflare tunnel exited, restarting in 5s...
2025-10-08 12:42:01 - Starting Cloudflare tunnel...
2025-10-08T15:42:01Z ERR Cannot determine default origin certificate path. No file cert.pem in [~/.cloudflared ~/.cloudflare-warp ~/cloudflare-warp]. You need to specify the origin certificate path by specifying the origincert option in the configuration file, or set TUNNEL_ORIGIN_CERT environment variable originCertPath=
error parsing tunnel ID: Error locating origin cert: client didn't specify origincert path
2025-10-08 12:42:01 - Cloudflare tunnel exited, restarting in 5s...
2025-10-08 12:42:06 - Starting Cloudflare tunnel...
2025-10-08T15:42:06Z ERR Cannot determine default origin certificate path. No file cert.pem in [~/.cloudflared ~/.cloudflare-warp ~/cloudflare-warp]. You need to specify the origin certificate path by specifying the origincert option in the configuration file, or set TUNNEL_ORIGIN_CERT environment variable originCertPath=
error parsing tunnel ID: Error locating origin cert: client didn't specify origincert path
2025-10-08 12:42:06 - Cloudflare tunnel exited, restarting in 5s...
2025-10-08 12:42:11 - Starting Cloudflare tunnel...
2025-10-08T15:42:12Z ERR Cannot determine default origin certificate path. No file cert.pem in [~/.cloudflared ~/.cloudflare-warp ~/cloudflare-warp]. You need to specify the origin certificate path by specifying the origincert option in the configuration file, or set TUNNEL_ORIGIN_CERT environment variable originCertPath=
error parsing tunnel ID: Error locating origin cert: client didn't specify origincert path
2025-10-08 12:42:12 - Cloudflare tunnel exited, restarting in 5s...
2025-10-08 12:42:17 - Starting Cloudflare tunnel...
2025-10-08T15:42:17Z ERR Cannot determine default origin certificate path. No file cert.pem in [~/.cloudflared ~/.cloudflare-warp ~/cloudflare-warp]. You need to specify the origin certificate path by specifying the origincert option in the configuration file, or set TUNNEL_ORIGIN_CERT environment variable originCertPath=
error parsing tunnel ID: Error locating origin cert: client didn't specify origincert path
2025-10-08 12:42:17 - Cloudflare tunnel exited, restarting in 5s...
2025-10-08 12:42:22 - Starting Cloudflare tunnel...
2025-10-08T15:42:22Z ERR Cannot determine default origin certificate path. No file cert.pem in [~/.cloudflared ~/.cloudflare-warp ~/cloudflare-warp]. You need to specify the origin certificate path by specifying the origincert option in the configuration file, or set TUNNEL_ORIGIN_CERT environment variable originCertPath=
error parsing tunnel ID: Error locating origin cert: client didn't specify origincert path
2025-10-08 12:42:22 - Cloudflare tunnel exited, restarting in 5s...
2025-10-08 12:42:27 - Starting Cloudflare tunnel...
2025-10-08T15:42:27Z ERR Cannot determine default origin certificate path. No file cert.pem in [~/.cloudflared ~/.cloudflare-warp ~/cloudflare-warp]. You need to specify the origin certificate path by specifying the origincert option in the configuration file, or set TUNNEL_ORIGIN_CERT environment variable originCertPath=
error parsing tunnel ID: Error locating origin cert: client didn't specify origincert path
2025-10-08 12:42:27 - Cloudflare tunnel exited, restarting in 5s...
2025-10-08 12:42:32 - Starting Cloudflare tunnel...
2025-10-08T15:42:32Z ERR Cannot determine default origin certificate path. No file cert.pem in [~/.cloudflared ~/.cloudflare-warp ~/cloudflare-warp]. You need to specify the origin certificate path by specifying the origincert option in the configuration file, or set TUNNEL_ORIGIN_CERT environment variable originCertPath=
error parsing tunnel ID: Error locating origin cert: client didn't specify origincert path
2025-10-08 12:42:32 - Cloudflare tunnel exited, restarting in 5s...
2025-10-08 12:42:37 - Starting Cloudflare tunnel...
2025-10-08T15:42:37Z ERR Cannot determine default origin certificate path. No file cert.pem in [~/.cloudflared ~/.cloudflare-warp ~/cloudflare-warp]. You need to specify the origin certificate path by specifying the origincert option in the configuration file, or set TUNNEL_ORIGIN_CERT environment variable originCertPath=
error parsing tunnel ID: Error locating origin cert: client didn't specify origincert path
2025-10-08 12:42:37 - Cloudflare tunnel exited, restarting in 5s...
2025-10-08 12:42:42 - Starting Cloudflare tunnel...
2025-10-08T15:42:42Z ERR Cannot determine default origin certificate path. No file cert.pem in [~/.cloudflared ~/.cloudflare-warp ~/cloudflare-warp]. You need to specify the origin certificate path by specifying the origincert option in the configuration file, or set TUNNEL_ORIGIN_CERT environment variable originCertPath=
error parsing tunnel ID: Error locating origin cert: client didn't specify origincert path
2025-10-08 12:42:42 - Cloudflare tunnel exited, restarting in 5s...
2025-10-08 12:42:47 - Starting Cloudflare tunnel...
2025-10-08T15:42:47Z ERR Cannot determine default origin certificate path. No file cert.pem in [~/.cloudflared ~/.cloudflare-warp ~/cloudflare-warp]. You need to specify the origin certificate path by specifying the origincert option in the configuration file, or set TUNNEL_ORIGIN_CERT environment variable originCertPath=
error parsing tunnel ID: Error locating origin cert: client didn't specify origincert path
2025-10-08 12:42:47 - Cloudflare tunnel exited, restarting in 5s...
2025-10-08 12:42:52 - Starting Cloudflare tunnel...
2025-10-08T15:42:53Z ERR Cannot determine default origin certificate path. No file cert.pem in [~/.cloudflared ~/.cloudflare-warp ~/cloudflare-warp]. You need to specify the origin certificate path by specifying the origincert option in the configuration file, or set TUNNEL_ORIGIN_CERT environment variable originCertPath=
error parsing tunnel ID: Error locating origin cert: client didn't specify origincert path
2025-10-08 12:42:53 - Cloudflare tunnel exited, restarting in 5s...
2025-10-08 12:42:58 - Starting Cloudflare tunnel...
2025-10-08T15:42:58Z ERR Cannot determine default origin certificate path. No file cert.pem in [~/.cloudflared ~/.cloudflare-warp ~/cloudflare-warp]. You need to specify the origin certificate path by specifying the origincert option in the configuration file, or set TUNNEL_ORIGIN_CERT environment variable originCertPath=
error parsing tunnel ID: Error locating origin cert: client didn't specify origincert path
2025-10-08 12:42:58 - Cloudflare tunnel exited, restarting in 5s...
2025-10-08 12:43:03 - Starting Cloudflare tunnel...
2025-10-08T15:43:03Z ERR Cannot determine default origin certificate path. No file cert.pem in [~/.cloudflared ~/.cloudflare-warp ~/cloudflare-warp]. You need to specify the origin certificate path by specifying the origincert option in the configuration file, or set TUNNEL_ORIGIN_CERT environment variable originCertPath=
error parsing tunnel ID: Error locating origin cert: client didn't specify origincert path
2025-10-08 12:43:03 - Cloudflare tunnel exited, restarting in 5s...
2025-10-08 12:43:08 - Starting Cloudflare tunnel...
2025-10-08T15:43:08Z ERR Cannot determine default origin certificate path. No file cert.pem in [~/.cloudflared ~/.cloudflare-warp ~/cloudflare-warp]. You need to specify the origin certificate path by specifying the origincert option in the configuration file, or set TUNNEL_ORIGIN_CERT environment variable originCertPath=
error parsing tunnel ID: Error locating origin cert: client didn't specify origincert path
2025-10-08 12:43:08 - Cloudflare tunnel exited, restarting in 5s...
2025-10-08 12:43:13 - Starting Cloudflare tunnel...
2025-10-08T15:43:13Z ERR Cannot determine default origin certificate path. No file cert.pem in [~/.cloudflared ~/.cloudflare-warp ~/cloudflare-warp]. You need to specify the origin certificate path by specifying the origincert option in the configuration file, or set TUNNEL_ORIGIN_CERT environment variable originCertPath=
error parsing tunnel ID: Error locating origin cert: client didn't specify origincert path
2025-10-08 12:43:13 - Cloudflare tunnel exited, restarting in 5s...
2025-10-08 12:43:18 - Starting Cloudflare tunnel...
2025-10-08T15:43:18Z ERR Cannot determine default origin certificate path. No file cert.pem in [~/.cloudflared ~/.cloudflare-warp ~/cloudflare-warp]. You need to specify the origin certificate path by specifying the origincert option in the configuration file, or set TUNNEL_ORIGIN_CERT environment variable originCertPath=
error parsing tunnel ID: Error locating origin cert: client didn't specify origincert path
2025-10-08 12:43:18 - Cloudflare tunnel exited, restarting in 5s...
2025-10-08 12:43:23 - Starting Cloudflare tunnel...
2025-10-08T15:43:23Z ERR Cannot determine default origin certificate path. No file cert.pem in [~/.cloudflared ~/.cloudflare-warp ~/cloudflare-warp]. You need to specify the origin certificate path by specifying the origincert option in the configuration file, or set TUNNEL_ORIGIN_CERT environment variable originCertPath=
error parsing tunnel ID: Error locating origin cert: client didn't specify origincert path
2025-10-08 12:43:23 - Cloudflare tunnel exited, restarting in 5s...
2025-10-08 12:43:28 - Starting Cloudflare tunnel...
2025-10-08T15:43:28Z ERR Cannot determine default origin certificate path. No file cert.pem in [~/.cloudflared ~/.cloudflare-warp ~/cloudflare-warp]. You need to specify the origin certificate path by specifying the origincert option in the configuration file, or set TUNNEL_ORIGIN_CERT environment variable originCertPath=
error parsing tunnel ID: Error locating origin cert: client didn't specify origincert path
2025-10-08 12:43:28 - Cloudflare tunnel exited, restarting in 5s...
2025-10-08 12:43:33 - Starting Cloudflare tunnel...
2025-10-08T15:43:33Z ERR Cannot determine default origin certificate path. No file cert.pem in [~/.cloudflared ~/.cloudflare-warp ~/cloudflare-warp]. You need to specify the origin certificate path by specifying the origincert option in the configuration file, or set TUNNEL_ORIGIN_CERT environment variable originCertPath=
error parsing tunnel ID: Error locating origin cert: client didn't specify origincert path
2025-10-08 12:43:33 - Cloudflare tunnel exited, restarting in 5s...
2025-10-08 12:43:39 - Starting Cloudflare tunnel...
2025-10-08T15:43:39Z ERR Cannot determine default origin certificate path. No file cert.pem in [~/.cloudflared ~/.cloudflare-warp ~/cloudflare-warp]. You need to specify the origin certificate path by specifying the origincert option in the configuration file, or set TUNNEL_ORIGIN_CERT environment variable originCertPath=
error parsing tunnel ID: Error locating origin cert: client didn't specify origincert path
2025-10-08 12:43:39 - Cloudflare tunnel exited, restarting in 5s...
2025-10-08 12:43:44 - Starting Cloudflare tunnel...
2025-10-08T15:43:44Z ERR Cannot determine default origin certificate path. No file cert.pem in [~/.cloudflared ~/.cloudflare-warp ~/cloudflare-warp]. You need to specify the origin certificate path by specifying the origincert option in the configuration file, or set TUNNEL_ORIGIN_CERT environment variable originCertPath=
error parsing tunnel ID: Error locating origin cert: client didn't specify origincert path
2025-10-08 12:43:44 - Cloudflare tunnel exited, restarting in 5s...
2025-10-08 12:43:49 - Starting Cloudflare tunnel...
2025-10-08T15:43:49Z ERR Cannot determine default origin certificate path. No file cert.pem in [~/.cloudflared ~/.cloudflare-warp ~/cloudflare-warp]. You need to specify the origin certificate path by specifying the origincert option in the configuration file, or set TUNNEL_ORIGIN_CERT environment variable originCertPath=
error parsing tunnel ID: Error locating origin cert: client didn't specify origincert path
2025-10-08 12:43:49 - Cloudflare tunnel exited, restarting in 5s...
2025-10-08 12:43:54 - Starting Cloudflare tunnel...
2025-10-08T15:43:54Z ERR Cannot determine default origin certificate path. No file cert.pem in [~/.cloudflared ~/.cloudflare-warp ~/cloudflare-warp]. You need to specify the origin certificate path by specifying the origincert option in the configuration file, or set TUNNEL_ORIGIN_CERT environment variable originCertPath=
error parsing tunnel ID: Error locating origin cert: client didn't specify origincert path
2025-10-08 12:43:54 - Cloudflare tunnel exited, restarting in 5s...
2025-10-08 12:43:59 - Starting Cloudflare tunnel...
2025-10-08T15:43:59Z ERR Cannot determine default origin certificate path. No file cert.pem in [~/.cloudflared ~/.cloudflare-warp ~/cloudflare-warp]. You need to specify the origin certificate path by specifying the origincert option in the configuration file, or set TUNNEL_ORIGIN_CERT environment variable originCertPath=
error parsing tunnel ID: Error locating origin cert: client didn't specify origincert path
2025-10-08 12:43:59 - Cloudflare tunnel exited, restarting in 5s...
2025-10-08 12:44:04 - Starting Cloudflare tunnel...
2025-10-08T15:44:04Z ERR Cannot determine default origin certificate path. No file cert.pem in [~/.cloudflared ~/.cloudflare-warp ~/cloudflare-warp]. You need to specify the origin certificate path by specifying the origincert option in the configuration file, or set TUNNEL_ORIGIN_CERT environment variable originCertPath=
error parsing tunnel ID: Error locating origin cert: client didn't specify origincert path
2025-10-08 12:44:04 - Cloudflare tunnel exited, restarting in 5s...
2025-10-08 12:44:09 - Starting Cloudflare tunnel...
2025-10-08T15:44:09Z ERR Cannot determine default origin certificate path. No file cert.pem in [~/.cloudflared ~/.cloudflare-warp ~/cloudflare-warp]. You need to specify the origin certificate path by specifying the origincert option in the configuration file, or set TUNNEL_ORIGIN_CERT environment variable originCertPath=
error parsing tunnel ID: Error locating origin cert: client didn't specify origincert path
2025-10-08 12:44:09 - Cloudflare tunnel exited, restarting in 5s...
2025-10-08 12:44:14 - Starting Cloudflare tunnel...
2025-10-08T15:44:14Z ERR Cannot determine default origin certificate path. No file cert.pem in [~/.cloudflared ~/.cloudflare-warp ~/cloudflare-warp]. You need to specify the origin certificate path by specifying the origincert option in the configuration file, or set TUNNEL_ORIGIN_CERT environment variable originCertPath=
error parsing tunnel ID: Error locating origin cert: client didn't specify origincert path
2025-10-08 12:44:14 - Cloudflare tunnel exited, restarting in 5s...
2025-10-08 12:44:19 - Starting Cloudflare tunnel...
2025-10-08T15:44:20Z ERR Cannot determine default origin certificate path. No file cert.pem in [~/.cloudflared ~/.cloudflare-warp ~/cloudflare-warp]. You need to specify the origin certificate path by specifying the origincert option in the configuration file, or set TUNNEL_ORIGIN_CERT environment variable originCertPath=
error parsing tunnel ID: Error locating origin cert: client didn't specify origincert path
2025-10-08 12:44:20 - Cloudflare tunnel exited, restarting in 5s...
2025-10-08 12:44:25 - Starting Cloudflare tunnel...
2025-10-08T15:44:25Z ERR Cannot determine default origin certificate path. No file cert.pem in [~/.cloudflared ~/.cloudflare-warp ~/cloudflare-warp]. You need to specify the origin certificate path by specifying the origincert option in the configuration file, or set TUNNEL_ORIGIN_CERT environment variable originCertPath=
error parsing tunnel ID: Error locating origin cert: client didn't specify origincert path
2025-10-08 12:44:25 - Cloudflare tunnel exited, restarting in 5s...
2025-10-08 12:44:30 - Starting Cloudflare tunnel...
2025-10-08T15:44:30Z ERR Cannot determine default origin certificate path. No file cert.pem in [~/.cloudflared ~/.cloudflare-warp ~/cloudflare-warp]. You need to specify the origin certificate path by specifying the origincert option in the configuration file, or set TUNNEL_ORIGIN_CERT environment variable originCertPath=
error parsing tunnel ID: Error locating origin cert: client didn't specify origincert path
2025-10-08 12:44:30 - Cloudflare tunnel exited, restarting in 5s...
2025-10-08 12:44:35 - Starting Cloudflare tunnel...
2025-10-08T15:44:35Z ERR Cannot determine default origin certificate path. No file cert.pem in [~/.cloudflared ~/.cloudflare-warp ~/cloudflare-warp]. You need to specify the origin certificate path by specifying the origincert option in the configuration file, or set TUNNEL_ORIGIN_CERT environment variable originCertPath=
error parsing tunnel ID: Error locating origin cert: client didn't specify origincert path
2025-10-08 12:44:35 - Cloudflare tunnel exited, restarting in 5s...
2025-10-08 12:44:40 - Starting Cloudflare tunnel...
2025-10-08T15:44:40Z ERR Cannot determine default origin certificate path. No file cert.pem in [~/.cloudflared ~/.cloudflare-warp ~/cloudflare-warp]. You need to specify the origin certificate path by specifying the origincert option in the configuration file, or set TUNNEL_ORIGIN_CERT environment variable originCertPath=
error parsing tunnel ID: Error locating origin cert: client didn't specify origincert path
2025-10-08 12:44:40 - Cloudflare tunnel exited, restarting in 5s...
2025-10-08 12:44:45 - Starting Cloudflare tunnel...
2025-10-08T15:44:45Z ERR Cannot determine default origin certificate path. No file cert.pem in [~/.cloudflared ~/.cloudflare-warp ~/cloudflare-warp]. You need to specify the origin certificate path by specifying the origincert option in the configuration file, or set TUNNEL_ORIGIN_CERT environment variable originCertPath=
error parsing tunnel ID: Error locating origin cert: client didn't specify origincert path
2025-10-08 12:44:45 - Cloudflare tunnel exited, restarting in 5s...
2025-10-08 12:44:50 - Starting Cloudflare tunnel...
2025-10-08T15:44:50Z ERR Cannot determine default origin certificate path. No file cert.pem in [~/.cloudflared ~/.cloudflare-warp ~/cloudflare-warp]. You need to specify the origin certificate path by specifying the origincert option in the configuration file, or set TUNNEL_ORIGIN_CERT environment variable originCertPath=
error parsing tunnel ID: Error locating origin cert: client didn't specify origincert path
2025-10-08 12:44:50 - Cloudflare tunnel exited, restarting in 5s...
2025-10-08 12:44:55 - Starting Cloudflare tunnel...
2025-10-08T15:44:55Z ERR Cannot determine default origin certificate path. No file cert.pem in [~/.cloudflared ~/.cloudflare-warp ~/cloudflare-warp]. You need to specify the origin certificate path by specifying the origincert option in the configuration file, or set TUNNEL_ORIGIN_CERT environment variable originCertPath=
error parsing tunnel ID: Error locating origin cert: client didn't specify origincert path
2025-10-08 12:44:55 - Cloudflare tunnel exited, restarting in 5s...
2025-10-08 12:45:00 - Starting Cloudflare tunnel...
2025-10-08T15:45:00Z ERR Cannot determine default origin certificate path. No file cert.pem in [~/.cloudflared ~/.cloudflare-warp ~/cloudflare-warp]. You need to specify the origin certificate path by specifying the origincert option in the configuration file, or set TUNNEL_ORIGIN_CERT environment variable originCertPath=
error parsing tunnel ID: Error locating origin cert: client didn't specify origincert path
2025-10-08 12:45:01 - Cloudflare tunnel exited, restarting in 5s...
2025-10-08 12:45:06 - Starting Cloudflare tunnel...
2025-10-08T15:45:06Z ERR Cannot determine default origin certificate path. No file cert.pem in [~/.cloudflared ~/.cloudflare-warp ~/cloudflare-warp]. You need to specify the origin certificate path by specifying the origincert option in the configuration file, or set TUNNEL_ORIGIN_CERT environment variable originCertPath=
error parsing tunnel ID: Error locating origin cert: client didn't specify origincert path
2025-10-08 12:45:06 - Cloudflare tunnel exited, restarting in 5s...
2025-10-08 12:45:11 - Starting Cloudflare tunnel...
2025-10-08T15:45:11Z ERR Cannot determine default origin certificate path. No file cert.pem in [~/.cloudflared ~/.cloudflare-warp ~/cloudflare-warp]. You need to specify the origin certificate path by specifying the origincert option in the configuration file, or set TUNNEL_ORIGIN_CERT environment variable originCertPath=
error parsing tunnel ID: Error locating origin cert: client didn't specify origincert path
2025-10-08 12:45:11 - Cloudflare tunnel exited, restarting in 5s...
2025-10-08 12:45:16 - Starting Cloudflare tunnel...
2025-10-08T15:45:16Z ERR Cannot determine default origin certificate path. No file cert.pem in [~/.cloudflared ~/.cloudflare-warp ~/cloudflare-warp]. You need to specify the origin certificate path by specifying the origincert option in the configuration file, or set TUNNEL_ORIGIN_CERT environment variable originCertPath=
error parsing tunnel ID: Error locating origin cert: client didn't specify origincert path
2025-10-08 12:45:16 - Cloudflare tunnel exited, restarting in 5s...
2025-10-08 12:45:21 - Starting Cloudflare tunnel...
2025-10-08T15:45:21Z ERR Cannot determine default origin certificate path. No file cert.pem in [~/.cloudflared ~/.cloudflare-warp ~/cloudflare-warp]. You need to specify the origin certificate path by specifying the origincert option in the configuration file, or set TUNNEL_ORIGIN_CERT environment variable originCertPath=
error parsing tunnel ID: Error locating origin cert: client didn't specify origincert path
2025-10-08 12:45:21 - Cloudflare tunnel exited, restarting in 5s...
2025-10-08 12:45:26 - Starting Cloudflare tunnel...
2025-10-08T15:45:26Z ERR Cannot determine default origin certificate path. No file cert.pem in [~/.cloudflared ~/.cloudflare-warp ~/cloudflare-warp]. You need to specify the origin certificate path by specifying the origincert option in the configuration file, or set TUNNEL_ORIGIN_CERT environment variable originCertPath=
error parsing tunnel ID: Error locating origin cert: client didn't specify origincert path
2025-10-08 12:45:26 - Cloudflare tunnel exited, restarting in 5s...
2025-10-08 12:45:31 - Starting Cloudflare tunnel...
2025-10-08T15:45:31Z ERR Cannot determine default origin certificate path. No file cert.pem in [~/.cloudflared ~/.cloudflare-warp ~/cloudflare-warp]. You need to specify the origin certificate path by specifying the origincert option in the configuration file, or set TUNNEL_ORIGIN_CERT environment variable originCertPath=
error parsing tunnel ID: Error locating origin cert: client didn't specify origincert path
2025-10-08 12:45:31 - Cloudflare tunnel exited, restarting in 5s...
2025-10-08 12:45:36 - Starting Cloudflare tunnel...
2025-10-08T15:45:36Z ERR Cannot determine default origin certificate path. No file cert.pem in [~/.cloudflared ~/.cloudflare-warp ~/cloudflare-warp]. You need to specify the origin certificate path by specifying the origincert option in the configuration file, or set TUNNEL_ORIGIN_CERT environment variable originCertPath=
error parsing tunnel ID: Error locating origin cert: client didn't specify origincert path
2025-10-08 12:45:36 - Cloudflare tunnel exited, restarting in 5s...
2025-10-08 12:45:41 - Starting Cloudflare tunnel...
2025-10-08T15:45:41Z ERR Cannot determine default origin certificate path. No file cert.pem in [~/.cloudflared ~/.cloudflare-warp ~/cloudflare-warp]. You need to specify the origin certificate path by specifying the origincert option in the configuration file, or set TUNNEL_ORIGIN_CERT environment variable originCertPath=
error parsing tunnel ID: Error locating origin cert: client didn't specify origincert path
2025-10-08 12:45:41 - Cloudflare tunnel exited, restarting in 5s...
2025-10-08 12:45:46 - Starting Cloudflare tunnel...
2025-10-08T15:45:47Z ERR Cannot determine default origin certificate path. No file cert.pem in [~/.cloudflared ~/.cloudflare-warp ~/cloudflare-warp]. You need to specify the origin certificate path by specifying the origincert option in the configuration file, or set TUNNEL_ORIGIN_CERT environment variable originCertPath=
error parsing tunnel ID: Error locating origin cert: client didn't specify origincert path
2025-10-08 12:45:47 - Cloudflare tunnel exited, restarting in 5s...
2025-10-08 12:45:52 - Starting Cloudflare tunnel...
2025-10-08T15:45:52Z ERR Cannot determine default origin certificate path. No file cert.pem in [~/.cloudflared ~/.cloudflare-warp ~/cloudflare-warp]. You need to specify the origin certificate path by specifying the origincert option in the configuration file, or set TUNNEL_ORIGIN_CERT environment variable originCertPath=
error parsing tunnel ID: Error locating origin cert: client didn't specify origincert path
2025-10-08 12:45:52 - Cloudflare tunnel exited, restarting in 5s...
2025-10-08 12:45:57 - Starting Cloudflare tunnel...
2025-10-08T15:45:57Z ERR Cannot determine default origin certificate path. No file cert.pem in [~/.cloudflared ~/.cloudflare-warp ~/cloudflare-warp]. You need to specify the origin certificate path by specifying the origincert option in the configuration file, or set TUNNEL_ORIGIN_CERT environment variable originCertPath=
error parsing tunnel ID: Error locating origin cert: client didn't specify origincert path
2025-10-08 12:45:57 - Cloudflare tunnel exited, restarting in 5s...
2025-10-08 12:46:02 - Starting Cloudflare tunnel...
2025-10-08T15:46:02Z ERR Cannot determine default origin certificate path. No file cert.pem in [~/.cloudflared ~/.cloudflare-warp ~/cloudflare-warp]. You need to specify the origin certificate path by specifying the origincert option in the configuration file, or set TUNNEL_ORIGIN_CERT environment variable originCertPath=
error parsing tunnel ID: Error locating origin cert: client didn't specify origincert path
2025-10-08 12:46:02 - Cloudflare tunnel exited, restarting in 5s...
2025-10-08 12:46:07 - Starting Cloudflare tunnel...
2025-10-08T15:46:07Z ERR Cannot determine default origin certificate path. No file cert.pem in [~/.cloudflared ~/.cloudflare-warp ~/cloudflare-warp]. You need to specify the origin certificate path by specifying the origincert option in the configuration file, or set TUNNEL_ORIGIN_CERT environment variable originCertPath=
error parsing tunnel ID: Error locating origin cert: client didn't specify origincert path
2025-10-08 12:46:07 - Cloudflare tunnel exited, restarting in 5s...
2025-10-08 12:46:12 - Starting Cloudflare tunnel...
2025-10-08T15:46:12Z ERR Cannot determine default origin certificate path. No file cert.pem in [~/.cloudflared ~/.cloudflare-warp ~/cloudflare-warp]. You need to specify the origin certificate path by specifying the origincert option in the configuration file, or set TUNNEL_ORIGIN_CERT environment variable originCertPath=
error parsing tunnel ID: Error locating origin cert: client didn't specify origincert path
2025-10-08 12:46:12 - Cloudflare tunnel exited, restarting in 5s...
2025-10-08 12:46:17 - Starting Cloudflare tunnel...
2025-10-08T15:46:17Z ERR Cannot determine default origin certificate path. No file cert.pem in [~/.cloudflared ~/.cloudflare-warp ~/cloudflare-warp]. You need to specify the origin certificate path by specifying the origincert option in the configuration file, or set TUNNEL_ORIGIN_CERT environment variable originCertPath=
error parsing tunnel ID: Error locating origin cert: client didn't specify origincert path
2025-10-08 12:46:17 - Cloudflare tunnel exited, restarting in 5s...
2025-10-08 12:46:22 - Starting Cloudflare tunnel...
2025-10-08T15:46:22Z ERR Cannot determine default origin certificate path. No file cert.pem in [~/.cloudflared ~/.cloudflare-warp ~/cloudflare-warp]. You need to specify the origin certificate path by specifying the origincert option in the configuration file, or set TUNNEL_ORIGIN_CERT environment variable originCertPath=
error parsing tunnel ID: Error locating origin cert: client didn't specify origincert path
2025-10-08 12:46:22 - Cloudflare tunnel exited, restarting in 5s...
2025-10-08 12:46:27 - Starting Cloudflare tunnel...
2025-10-08T15:46:27Z ERR Cannot determine default origin certificate path. No file cert.pem in [~/.cloudflared ~/.cloudflare-warp ~/cloudflare-warp]. You need to specify the origin certificate path by specifying the origincert option in the configuration file, or set TUNNEL_ORIGIN_CERT environment variable originCertPath=
error parsing tunnel ID: Error locating origin cert: client didn't specify origincert path
2025-10-08 12:46:27 - Cloudflare tunnel exited, restarting in 5s...
2025-10-08 12:46:32 - Starting Cloudflare tunnel...
2025-10-08T15:46:33Z ERR Cannot determine default origin certificate path. No file cert.pem in [~/.cloudflared ~/.cloudflare-warp ~/cloudflare-warp]. You need to specify the origin certificate path by specifying the origincert option in the configuration file, or set TUNNEL_ORIGIN_CERT environment variable originCertPath=
error parsing tunnel ID: Error locating origin cert: client didn't specify origincert path
2025-10-08 12:46:33 - Cloudflare tunnel exited, restarting in 5s...
2025-10-08 12:46:38 - Starting Cloudflare tunnel...
2025-10-08T15:46:38Z ERR Cannot determine default origin certificate path. No file cert.pem in [~/.cloudflared ~/.cloudflare-warp ~/cloudflare-warp]. You need to specify the origin certificate path by specifying the origincert option in the configuration file, or set TUNNEL_ORIGIN_CERT environment variable originCertPath=
error parsing tunnel ID: Error locating origin cert: client didn't specify origincert path
2025-10-08 12:46:38 - Cloudflare tunnel exited, restarting in 5s...
2025-10-08 12:46:43 - Starting Cloudflare tunnel...
2025-10-08T15:46:43Z ERR Cannot determine default origin certificate path. No file cert.pem in [~/.cloudflared ~/.cloudflare-warp ~/cloudflare-warp]. You need to specify the origin certificate path by specifying the origincert option in the configuration file, or set TUNNEL_ORIGIN_CERT environment variable originCertPath=
error parsing tunnel ID: Error locating origin cert: client didn't specify origincert path
2025-10-08 12:46:43 - Cloudflare tunnel exited, restarting in 5s...
2025-10-08 12:46:46 - Service main thread exiting (should never happen)
2025-10-08 13:58:48 - Service starting...
2025-10-08 13:58:48 - Starting Waitress server...

2025-10-08T16:58:48Z INF Starting tunnel tunnelID=5c506711-6cd2-44a8-ab84-250a66d37337
2025-10-08T16:58:48Z INF Version 2025.8.1 (Checksum b5d598b00cc3a28cabc5812d9f762819334614bae452db4e7f23eefe7b081556)
2025-10-08T16:58:48Z INF GOOS: windows, GOVersion: go1.24.2, GoArch: amd64
2025-10-08T16:58:48Z INF Settings: map[cred-file:C:/Users/cmt/.cloudflared/5c506711-6cd2-44a8-ab84-250a66d37337.json credentials-file:C:/Users/cmt/.cloudflared/5c506711-6cd2-44a8-ab84-250a66d37337.json]
2025-10-08T16:58:48Z INF cloudflared will not automatically update on Windows systems.
2025-10-08T16:58:48Z INF Generated Connector ID: 637086a9-585c-4fb9-8fd4-168115607e33
2025-10-08T16:58:48Z INF Initial protocol quic
2025-10-08T16:58:48Z INF ICMP proxy will use 192.168.1.3 as source for IPv4
2025-10-08T16:58:48Z INF ICMP proxy will use 2800:40:82:10d2:dc4a:5707:3a17:7e4b in zone Ethernet as source for IPv6
2025-10-08T16:58:48Z INF cloudflared does not support loading the system root certificate pool on Windows. Please use --origin-ca-pool <PATH> to specify the path to the certificate pool
2025-10-08T16:58:48Z INF ICMP proxy will use 192.168.1.3 as source for IPv4
2025-10-08T16:58:48Z INF Tunnel connection curve preferences: [X25519MLKEM768 CurveP256] connIndex=0 event=0 ip=198.41.200.233
2025-10-08T16:58:48Z INF ICMP proxy will use 2800:40:82:10d2:dc4a:5707:3a17:7e4b in zone Ethernet as source for IPv6
2025-10-08T16:58:48Z INF Starting metrics server on 127.0.0.1:20241/metrics
2025-10-08T16:58:49Z INF Registered tunnel connection connIndex=0 connection=a0efc84e-4846-4020-8ef5-c87b77b0ebde event=0 ip=198.41.200.233 location=eze01 protocol=quic
2025-10-08T16:58:49Z INF Tunnel connection curve preferences: [X25519MLKEM768 CurveP256] connIndex=1 event=0 ip=198.41.192.27
2025-10-08T16:58:49Z INF Registered tunnel connection connIndex=1 connection=4f3f3b2f-02e6-4e14-8f9a-b41d9b21256c event=0 ip=198.41.192.27 location=eze05 protocol=quic
2025-10-08T16:58:50Z INF Tunnel connection curve preferences: [X25519MLKEM768 CurveP256] connIndex=2 event=0 ip=198.41.192.7
2025-10-08T16:58:50Z INF Registered tunnel connection connIndex=2 connection=8d9b368d-5d5d-4a1f-9601-bfce92cf160b event=0 ip=198.41.192.7 location=eze05 protocol=quic
2025-10-08T16:58:51Z INF Tunnel connection curve preferences: [X25519MLKEM768 CurveP256] connIndex=3 event=0 ip=198.41.200.193
2025-10-08T16:58:51Z INF Registered tunnel connection connIndex=3 connection=2a443b75-6c9f-4eab-a4fd-93c4644f12b8 event=0 ip=198.41.200.193 location=eze07 protocol=quic
2025-10-08T16:59:02Z INF Initiating graceful shutdown due to signal terminated ...
2025-10-08T16:59:02Z ERR failed to run the datagram handler error="context canceled" connIndex=2 event=0 ip=198.41.192.7
2025-10-08T16:59:02Z ERR failed to run the datagram handler error="context canceled" connIndex=3 event=0 ip=198.41.200.193
2025-10-08T16:59:02Z ERR failed to serve tunnel connection error="accept stream listener encountered a failure while serving" connIndex=3 event=0 ip=198.41.200.193
2025-10-08T16:59:02Z ERR Serve tunnel error error="accept stream listener encountered a failure while serving" connIndex=3 event=0 ip=198.41.200.193
2025-10-08T16:59:02Z INF Retrying connection in up to 1s connIndex=3 event=0 ip=198.41.200.193
2025-10-08T16:59:02Z ERR Connection terminated connIndex=3
2025-10-08T16:59:02Z ERR failed to run the datagram handler error="context canceled" connIndex=1 event=0 ip=198.41.192.27
2025-10-08T16:59:02Z ERR failed to serve tunnel connection error="accept stream listener encountered a failure while serving" connIndex=2 event=0 ip=198.41.192.7
2025-10-08T16:59:02Z ERR Serve tunnel error error="accept stream listener encountered a failure while serving" connIndex=2 event=0 ip=198.41.192.7
2025-10-08T16:59:02Z INF Retrying connection in up to 1s connIndex=2 event=0 ip=198.41.192.7
2025-10-08T16:59:02Z ERR Connection terminated connIndex=2
2025-10-08T16:59:02Z ERR failed to serve tunnel connection error="accept stream listener encountered a failure while serving" connIndex=1 event=0 ip=198.41.192.27
2025-10-08T16:59:02Z ERR Serve tunnel error error="accept stream listener encountered a failure while serving" connIndex=1 event=0 ip=198.41.192.27
2025-10-08T16:59:02Z INF Retrying connection in up to 1s connIndex=1 event=0 ip=198.41.192.27
2025-10-08T16:59:02Z ERR Connection terminated connIndex=1
2025-10-08T16:59:02Z ERR failed to run the datagram handler error="Application error 0x0 (remote)" connIndex=0 event=0 ip=198.41.200.233
2025-10-08T16:59:02Z ERR failed to serve tunnel connection error="accept stream listener encountered a failure while serving" connIndex=0 event=0 ip=198.41.200.233
2025-10-08T16:59:02Z ERR Serve tunnel error error="accept stream listener encountered a failure while serving" connIndex=0 event=0 ip=198.41.200.233
2025-10-08T16:59:02Z INF Retrying connection in up to 1s connIndex=0 event=0 ip=198.41.200.233
2025-10-08T16:59:02Z ERR Connection terminated connIndex=0
2025-10-08T16:59:02Z ERR no more connections active and exiting
2025-10-08T16:59:02Z INF Tunnel server stopped
2025-10-08T16:59:02Z ERR icmp router terminated error="context canceled"
2025-10-08T16:59:02Z INF Metrics server stopped
2025-10-08 14:02:39 - Service starting...
2025-10-08 14:02:39 - Starting Waitress server...

c:\Users\cmt\Documents\Repsitories\cmt-api-webapp\.venv\Scripts\python.exe: No module named cloudflared
2025-10-08 14:02:39 - Cloudflare tunnel exited, restarting in 5s...
2025-10-08 14:02:44 - Starting Cloudflare tunnel...
c:\Users\cmt\Documents\Repsitories\cmt-api-webapp\.venv\Scripts\python.exe: No module named cloudflared
2025-10-08 14:02:44 - Cloudflare tunnel exited, restarting in 5s...
2025-10-08 14:02:49 - Starting Cloudflare tunnel...
c:\Users\cmt\Documents\Repsitories\cmt-api-webapp\.venv\Scripts\python.exe: No module named cloudflared
2025-10-08 14:02:49 - Cloudflare tunnel exited, restarting in 5s...
2025-10-08 14:02:54 - Starting Cloudflare tunnel...
c:\Users\cmt\Documents\Repsitories\cmt-api-webapp\.venv\Scripts\python.exe: No module named cloudflared
2025-10-08 14:02:55 - Cloudflare tunnel exited, restarting in 5s...
2025-10-08 14:03:00 - Starting Cloudflare tunnel...
c:\Users\cmt\Documents\Repsitories\cmt-api-webapp\.venv\Scripts\python.exe: No module named cloudflared
2025-10-08 14:03:00 - Cloudflare tunnel exited, restarting in 5s...
2025-10-08 14:03:05 - Starting Cloudflare tunnel...
c:\Users\cmt\Documents\Repsitories\cmt-api-webapp\.venv\Scripts\python.exe: No module named cloudflared
2025-10-08 14:03:05 - Cloudflare tunnel exited, restarting in 5s...
2025-10-08 14:03:10 - Starting Cloudflare tunnel...
c:\Users\cmt\Documents\Repsitories\cmt-api-webapp\.venv\Scripts\python.exe: No module named cloudflared
2025-10-08 14:03:10 - Cloudflare tunnel exited, restarting in 5s...
2025-10-08 14:03:14 - Service starting...
2025-10-08 14:03:14 - Starting Waitress server...
2025-10-08 14:03:14 - Starting Cloudflare tunnel...
2025-10-08T17:03:14Z INF Starting tunnel tunnelID=5c506711-6cd2-44a8-ab84-250a66d37337
2025-10-08T17:03:14Z INF Version 2025.8.1 (Checksum b5d598b00cc3a28cabc5812d9f762819334614bae452db4e7f23eefe7b081556)
2025-10-08T17:03:14Z INF GOOS: windows, GOVersion: go1.24.2, GoArch: amd64
2025-10-08T17:03:14Z INF Settings: map[cred-file:C:/Users/cmt/.cloudflared/5c506711-6cd2-44a8-ab84-250a66d37337.json credentials-file:C:/Users/cmt/.cloudflared/5c506711-6cd2-44a8-ab84-250a66d37337.json]
2025-10-08T17:03:14Z INF cloudflared will not automatically update on Windows systems.
2025-10-08T17:03:14Z INF Generated Connector ID: a7cb63cf-421f-4dff-a342-83670bd1b22b
2025-10-08T17:03:14Z INF Initial protocol quic
2025-10-08T17:03:14Z INF ICMP proxy will use 192.168.1.3 as source for IPv4
2025-10-08T17:03:14Z INF ICMP proxy will use 2800:40:82:10d2:dc4a:5707:3a17:7e4b in zone Ethernet as source for IPv6
2025-10-08T17:03:14Z INF cloudflared does not support loading the system root certificate pool on Windows. Please use --origin-ca-pool <PATH> to specify the path to the certificate pool
2025-10-08T17:03:14Z INF ICMP proxy will use 192.168.1.3 as source for IPv4
2025-10-08T17:03:14Z INF Tunnel connection curve preferences: [X25519MLKEM768 CurveP256] connIndex=0 event=0 ip=198.41.200.13
2025-10-08T17:03:14Z INF ICMP proxy will use 2800:40:82:10d2:dc4a:5707:3a17:7e4b in zone Ethernet as source for IPv6
2025-10-08T17:03:14Z INF Starting metrics server on 127.0.0.1:20241/metrics
2025-10-08T17:03:15Z INF Registered tunnel connection connIndex=0 connection=789cdc07-58f5-45f5-a28e-9e9def0a8662 event=0 ip=198.41.200.13 location=eze01 protocol=quic
2025-10-08T17:03:15Z INF Tunnel connection curve preferences: [X25519MLKEM768 CurveP256] connIndex=1 event=0 ip=198.41.192.77
2025-10-08T17:03:15Z INF Registered tunnel connection connIndex=1 connection=3efb7972-b64b-42b0-80cf-a44534061c9d event=0 ip=198.41.192.77 location=eze05 protocol=quic
2025-10-08T17:03:16Z INF Tunnel connection curve preferences: [X25519MLKEM768 CurveP256] connIndex=2 event=0 ip=198.41.200.193
2025-10-08T17:03:16Z INF Registered tunnel connection connIndex=2 connection=770bc98b-2032-414f-991f-8c5a537f027d event=0 ip=198.41.200.193 location=eze07 protocol=quic
2025-10-08T17:03:17Z INF Tunnel connection curve preferences: [X25519MLKEM768 CurveP256] connIndex=3 event=0 ip=198.41.192.227
2025-10-08T17:03:17Z INF Registered tunnel connection connIndex=3 connection=5db0014b-997e-4507-9389-83f44e05375e event=0 ip=198.41.192.227 location=eze05 protocol=quic
2025-10-08T17:06:29Z INF Initiating graceful shutdown due to signal terminated ...
2025-10-08T17:06:29Z ERR failed to run the datagram handler error="context canceled" connIndex=2 event=0 ip=198.41.200.193
2025-10-08T17:06:29Z ERR failed to run the datagram handler error="context canceled" connIndex=0 event=0 ip=198.41.200.13
2025-10-08T17:06:29Z ERR failed to run the datagram handler error="context canceled" connIndex=3 event=0 ip=198.41.192.227
2025-10-08T17:06:29Z ERR failed to serve tunnel connection error="accept stream listener encountered a failure while serving" connIndex=3 event=0 ip=198.41.192.227
2025-10-08T17:06:29Z ERR Serve tunnel error error="accept stream listener encountered a failure while serving" connIndex=3 event=0 ip=198.41.192.227
2025-10-08T17:06:29Z INF Retrying connection in up to 1s connIndex=3 event=0 ip=198.41.192.227
2025-10-08T17:06:29Z ERR failed to serve tunnel connection error="accept stream listener encountered a failure while serving" connIndex=0 event=0 ip=198.41.200.13
2025-10-08T17:06:29Z ERR Serve tunnel error error="accept stream listener encountered a failure while serving" connIndex=0 event=0 ip=198.41.200.13
2025-10-08T17:06:29Z INF Retrying connection in up to 1s connIndex=0 event=0 ip=198.41.200.13
2025-10-08T17:06:29Z ERR failed to serve tunnel connection error="accept stream listener encountered a failure while serving" connIndex=2 event=0 ip=198.41.200.193
2025-10-08T17:06:29Z ERR Connection terminated connIndex=3
2025-10-08T17:06:29Z ERR Connection terminated connIndex=0
2025-10-08T17:06:29Z ERR Serve tunnel error error="accept stream listener encountered a failure while serving" connIndex=2 event=0 ip=198.41.200.193
2025-10-08T17:06:29Z INF Retrying connection in up to 1s connIndex=2 event=0 ip=198.41.200.193
2025-10-08T17:06:29Z ERR failed to run the datagram handler error="Application error 0x0 (remote)" connIndex=1 event=0 ip=198.41.192.77
2025-10-08T17:06:29Z ERR Connection terminated connIndex=2
2025-10-08T17:06:29Z ERR failed to serve tunnel connection error="accept stream listener encountered a failure while serving" connIndex=1 event=0 ip=198.41.192.77
2025-10-08T17:06:29Z ERR Serve tunnel error error="accept stream listener encountered a failure while serving" connIndex=1 event=0 ip=198.41.192.77
2025-10-08T17:06:29Z INF Retrying connection in up to 1s connIndex=1 event=0 ip=198.41.192.77
2025-10-08T17:06:29Z ERR Connection terminated connIndex=1
2025-10-08T17:06:29Z ERR no more connections active and exiting
2025-10-08T17:06:29Z INF Tunnel server stopped
2025-10-08T17:06:29Z ERR icmp router terminated error="context canceled"
2025-10-08T17:06:29Z INF Metrics server stopped
2026-01-16 09:55:41 - Service starting...
2026-01-16 09:55:41 - Starting Cloudflare tunnel...
2026-01-16 09:55:41 - Starting Waitress server...
2026-01-16T12:55:41Z INF Starting tunnel tunnelID=5c506711-6cd2-44a8-ab84-250a66d37337
2026-01-16T12:55:41Z INF Version 2025.8.1 (Checksum b5d598b00cc3a28cabc5812d9f762819334614bae452db4e7f23eefe7b081556)
2026-01-16T12:55:41Z INF GOOS: windows, GOVersion: go1.24.2, GoArch: amd64
2026-01-16T12:55:41Z INF Settings: map[cred-file:C:/Users/cmt/.cloudflared/5c506711-6cd2-44a8-ab84-250a66d37337.json credentials-file:C:/Users/cmt/.cloudflared/5c506711-6cd2-44a8-ab84-250a66d37337.json]
2026-01-16T12:55:41Z INF cloudflared will not automatically update on Windows systems.
2026-01-16T12:55:41Z INF Generated Connector ID: 7a021d86-f2f7-4935-bc86-576278dc41b8
2026-01-16T12:55:41Z INF Initial protocol quic
2026-01-16T12:55:41Z INF ICMP proxy will use 192.168.1.12 as source for IPv4
2026-01-16T12:55:41Z INF ICMP proxy will use 2800:40:82:10d2:dc4a:5707:3a17:7e4b in zone Ethernet as source for IPv6
2026-01-16T12:55:41Z INF cloudflared does not support loading the system root certificate pool on Windows. Please use --origin-ca-pool <PATH> to specify the path to the certificate pool
2026-01-16T12:55:41Z INF ICMP proxy will use 192.168.1.12 as source for IPv4
2026-01-16T12:55:41Z INF Tunnel connection curve preferences: [X25519MLKEM768 CurveP256] connIndex=0 event=0 ip=198.41.192.107
2026-01-16T12:55:41Z INF ICMP proxy will use 2800:40:82:10d2:dc4a:5707:3a17:7e4b in zone Ethernet as source for IPv6
2026-01-16T12:55:41Z INF Starting metrics server on 127.0.0.1:20241/metrics
2026-01-16T12:55:42Z INF Registered tunnel connection connIndex=0 connection=d4ceb943-592a-47c2-b6c5-f4cfa4f3aec0 event=0 ip=198.41.192.107 location=eze05 protocol=quic
2026-01-16T12:55:42Z INF Tunnel connection curve preferences: [X25519MLKEM768 CurveP256] connIndex=1 event=0 ip=198.41.200.63
2026-01-16T12:55:42Z INF Registered tunnel connection connIndex=1 connection=5adca7ef-4220-4d73-a84b-3107f3b521c5 event=0 ip=198.41.200.63 location=eze07 protocol=quic
2026-01-16T12:55:43Z INF Tunnel connection curve preferences: [X25519MLKEM768 CurveP256] connIndex=2 event=0 ip=198.41.192.27
2026-01-16T12:55:43Z INF Registered tunnel connection connIndex=2 connection=98e5fc04-971c-4f0f-ba84-78343d4ecee0 event=0 ip=198.41.192.27 location=eze05 protocol=quic
2026-01-16T12:55:44Z INF Tunnel connection curve preferences: [X25519MLKEM768 CurveP256] connIndex=3 event=0 ip=198.41.200.73
2026-01-16T12:55:44Z INF Registered tunnel connection connIndex=3 connection=4826b802-8510-4a07-9237-75a0788954a5 event=0 ip=198.41.200.73 location=eze07 protocol=quic
2026-01-16T13:14:22Z INF Initiating graceful shutdown due to signal terminated ...
2026-01-16T13:14:22Z ERR failed to run the datagram handler error="context canceled" connIndex=3 event=0 ip=198.41.200.73
2026-01-16T13:14:22Z ERR failed to run the datagram handler error="context canceled" connIndex=0 event=0 ip=198.41.192.107
2026-01-16T13:14:22Z ERR failed to run the datagram handler error="context canceled" connIndex=1 event=0 ip=198.41.200.63
2026-01-16T13:14:22Z ERR failed to serve tunnel connection error="accept stream listener encountered a failure while serving" connIndex=1 event=0 ip=198.41.200.63
2026-01-16T13:14:22Z ERR Serve tunnel error error="accept stream listener encountered a failure while serving" connIndex=1 event=0 ip=198.41.200.63
2026-01-16T13:14:22Z INF Retrying connection in up to 1s connIndex=1 event=0 ip=198.41.200.63
2026-01-16T13:14:22Z ERR Connection terminated connIndex=1
2026-01-16T13:14:22Z ERR failed to run the datagram handler error="context canceled" connIndex=2 event=0 ip=198.41.192.27
2026-01-16T13:14:22Z ERR failed to serve tunnel connection error="accept stream listener encountered a failure while serving" connIndex=2 event=0 ip=198.41.192.27
2026-01-16T13:14:22Z ERR Serve tunnel error error="accept stream listener encountered a failure while serving" connIndex=2 event=0 ip=198.41.192.27
2026-01-16T13:14:22Z INF Retrying connection in up to 1s connIndex=2 event=0 ip=198.41.192.27
2026-01-16T13:14:22Z ERR failed to serve tunnel connection error="accept stream listener encountered a failure while serving" connIndex=0 event=0 ip=198.41.192.107
2026-01-16T13:14:22Z ERR Serve tunnel error error="accept stream listener encountered a failure while serving" connIndex=0 event=0 ip=198.41.192.107
2026-01-16T13:14:22Z INF Retrying connection in up to 1s connIndex=0 event=0 ip=198.41.192.107
2026-01-16T13:14:22Z ERR Connection terminated connIndex=2
2026-01-16T13:14:22Z ERR failed to serve tunnel connection error="accept stream listener encountered a failure while serving" connIndex=3 event=0 ip=198.41.200.73
2026-01-16T13:14:22Z ERR Serve tunnel error error="accept stream listener encountered a failure while serving" connIndex=3 event=0 ip=198.41.200.73
2026-01-16T13:14:22Z INF Retrying connection in up to 1s connIndex=3 event=0 ip=198.41.200.73
2026-01-16T13:14:22Z ERR Connection terminated connIndex=0
2026-01-16T13:14:22Z ERR Connection terminated connIndex=3
2026-01-16T13:14:22Z ERR no more connections active and exiting
2026-01-16T13:14:22Z INF Tunnel server stopped
2026-01-16T13:14:22Z ERR icmp router terminated error="context canceled"
2026-01-16T13:14:22Z INF Metrics server stopped
2026-01-16 10:21:26 - Service starting...
2026-01-16 10:21:26 - Starting Cloudflare tunnel...
2026-01-16T13:21:27Z INF Starting tunnel tunnelID=5c506711-6cd2-44a8-ab84-250a66d37337
2026-01-16T13:21:27Z INF Version 2025.8.1 (Checksum b5d598b00cc3a28cabc5812d9f762819334614bae452db4e7f23eefe7b081556)
2026-01-16T13:21:27Z INF GOOS: windows, GOVersion: go1.24.2, GoArch: amd64
2026-01-16T13:21:27Z INF Settings: map[cred-file:C:/Users/cmt/.cloudflared/5c506711-6cd2-44a8-ab84-250a66d37337.json credentials-file:C:/Users/cmt/.cloudflared/5c506711-6cd2-44a8-ab84-250a66d37337.json]
2026-01-16T13:21:27Z INF cloudflared will not automatically update on Windows systems.
2026-01-16T13:21:27Z INF Generated Connector ID: 0e8a5979-0b4e-47c5-8c15-e5c8d208d27c
2026-01-16T13:21:27Z INF Initial protocol quic
2026-01-16T13:21:27Z INF ICMP proxy will use 192.168.1.12 as source for IPv4
2026-01-16T13:21:27Z INF ICMP proxy will use 2800:40:82:10d2:dc4a:5707:3a17:7e4b in zone Ethernet as source for IPv6
2026-01-16T13:21:27Z INF cloudflared does not support loading the system root certificate pool on Windows. Please use --origin-ca-pool <PATH> to specify the path to the certificate pool
2026-01-16T13:21:27Z INF ICMP proxy will use 192.168.1.12 as source for IPv4
2026-01-16T13:21:27Z INF Tunnel connection curve preferences: [X25519MLKEM768 CurveP256] connIndex=0 event=0 ip=198.41.200.113
2026-01-16T13:21:27Z INF ICMP proxy will use 2800:40:82:10d2:dc4a:5707:3a17:7e4b in zone Ethernet as source for IPv6
2026-01-16T13:21:27Z INF Starting metrics server on 127.0.0.1:20241/metrics
2026-01-16T13:21:27Z INF Registered tunnel connection connIndex=0 connection=c24d09c2-47da-4be6-84f6-2b2041452c59 event=0 ip=198.41.200.113 location=eze07 protocol=quic
2026-01-16T13:21:27Z INF Tunnel connection curve preferences: [X25519MLKEM768 CurveP256] connIndex=1 event=0 ip=198.41.192.37
2026-01-16T13:21:28Z INF Registered tunnel connection connIndex=1 connection=fd3bc1dc-036d-457b-bd89-be4fbae529ee event=0 ip=198.41.192.37 location=eze05 protocol=quic
2026-01-16T13:21:28Z INF Tunnel connection curve preferences: [X25519MLKEM768 CurveP256] connIndex=2 event=0 ip=198.41.200.43
2026-01-16T13:21:29Z INF Registered tunnel connection connIndex=2 connection=4ed07eaa-9bca-4974-a14e-84e5e6ec18b7 event=0 ip=198.41.200.43 location=eze01 protocol=quic
2026-01-16T13:21:29Z INF Tunnel connection curve preferences: [X25519MLKEM768 CurveP256] connIndex=3 event=0 ip=198.41.192.57
2026-01-16T13:21:30Z INF Registered tunnel connection connIndex=3 connection=3f373460-5c0c-4206-8010-c5875be553f1 event=0 ip=198.41.192.57 location=eze05 protocol=quic
2026-01-16T13:37:40Z INF Initiating graceful shutdown due to signal terminated ...
2026-01-16T13:37:40Z ERR failed to run the datagram handler error="context canceled" connIndex=2 event=0 ip=198.41.200.43
2026-01-16T13:37:40Z ERR failed to serve tunnel connection error="accept stream listener encountered a failure while serving" connIndex=2 event=0 ip=198.41.200.43
2026-01-16T13:37:40Z ERR Serve tunnel error error="accept stream listener encountered a failure while serving" connIndex=2 event=0 ip=198.41.200.43
2026-01-16T13:37:40Z INF Retrying connection in up to 1s connIndex=2 event=0 ip=198.41.200.43
2026-01-16T13:37:40Z ERR Connection terminated connIndex=2
2026-01-16T13:37:40Z ERR failed to run the datagram handler error="context canceled" connIndex=3 event=0 ip=198.41.192.57
2026-01-16T13:37:40Z ERR failed to run the datagram handler error="context canceled" connIndex=0 event=0 ip=198.41.200.113
2026-01-16T13:37:40Z ERR failed to run the datagram handler error="context canceled" connIndex=1 event=0 ip=198.41.192.37
2026-01-16T13:37:40Z ERR failed to serve tunnel connection error="accept stream listener encountered a failure while serving" connIndex=1 event=0 ip=198.41.192.37
2026-01-16T13:37:40Z ERR Serve tunnel error error="accept stream listener encountered a failure while serving" connIndex=1 event=0 ip=198.41.192.37
2026-01-16T13:37:40Z INF Retrying connection in up to 1s connIndex=1 event=0 ip=198.41.192.37
2026-01-16T13:37:40Z ERR failed to serve tunnel connection error="accept stream listener encountered a failure while serving" connIndex=0 event=0 ip=198.41.200.113
2026-01-16T13:37:40Z ERR failed to serve tunnel connection error="accept stream listener encountered a failure while serving" connIndex=3 event=0 ip=198.41.192.57
2026-01-16T13:37:40Z ERR Serve tunnel error error="accept stream listener encountered a failure while serving" connIndex=0 event=0 ip=198.41.200.113
2026-01-16T13:37:40Z INF Retrying connection in up to 1s connIndex=0 event=0 ip=198.41.200.113
2026-01-16T13:37:40Z ERR Connection terminated connIndex=1
2026-01-16T13:37:40Z ERR Serve tunnel error error="accept stream listener encountered a failure while serving" connIndex=3 event=0 ip=198.41.192.57
2026-01-16T13:37:40Z ERR Connection terminated connIndex=0
2026-01-16T13:37:40Z INF Retrying connection in up to 1s connIndex=3 event=0 ip=198.41.192.57
2026-01-16T13:37:40Z ERR Connection terminated connIndex=3
2026-01-16T13:37:40Z ERR no more connections active and exiting
2026-01-16T13:37:40Z INF Tunnel server stopped
2026-01-16T13:37:40Z ERR icmp router terminated error="context canceled"
2026-01-16T13:37:40Z INF Metrics server stopped
2026-01-16 10:45:32 - Service starting...
2026-01-16 10:45:32 - Starting Waitress server...

2026-01-16T13:45:33Z INF Starting tunnel tunnelID=5c506711-6cd2-44a8-ab84-250a66d37337
2026-01-16T13:45:33Z INF Version 2025.8.1 (Checksum b5d598b00cc3a28cabc5812d9f762819334614bae452db4e7f23eefe7b081556)
2026-01-16T13:45:33Z INF GOOS: windows, GOVersion: go1.24.2, GoArch: amd64
2026-01-16T13:45:33Z INF Settings: map[cred-file:C:/Users/cmt/.cloudflared/5c506711-6cd2-44a8-ab84-250a66d37337.json credentials-file:C:/Users/cmt/.cloudflared/5c506711-6cd2-44a8-ab84-250a66d37337.json]
2026-01-16T13:45:33Z INF cloudflared will not automatically update on Windows systems.
2026-01-16T13:45:33Z INF Generated Connector ID: 72b66fb3-349f-4f3a-8e9f-6e04990e63f2
2026-01-16T13:45:33Z INF Initial protocol quic
2026-01-16T13:45:33Z INF ICMP proxy will use 192.168.1.12 as source for IPv4
2026-01-16T13:45:33Z INF ICMP proxy will use 2800:40:82:10d2:dc4a:5707:3a17:7e4b in zone Ethernet as source for IPv6
2026-01-16T13:45:33Z INF cloudflared does not support loading the system root certificate pool on Windows. Please use --origin-ca-pool <PATH> to specify the path to the certificate pool
2026-01-16T13:45:33Z INF ICMP proxy will use 192.168.1.12 as source for IPv4
2026-01-16T13:45:33Z INF Tunnel connection curve preferences: [X25519MLKEM768 CurveP256] connIndex=0 event=0 ip=198.41.200.53
2026-01-16T13:45:33Z INF ICMP proxy will use 2800:40:82:10d2:dc4a:5707:3a17:7e4b in zone Ethernet as source for IPv6
2026-01-16T13:45:33Z INF Starting metrics server on 127.0.0.1:20241/metrics
2026-01-16T13:45:33Z INF Registered tunnel connection connIndex=0 connection=ec83d611-9083-44f4-9dda-f3bebb9828be event=0 ip=198.41.200.53 location=eze01 protocol=quic
2026-01-16T13:45:33Z INF Tunnel connection curve preferences: [X25519MLKEM768 CurveP256] connIndex=1 event=0 ip=198.41.192.7
2026-01-16T13:45:34Z INF Registered tunnel connection connIndex=1 connection=53368267-9748-43b3-b43e-1924b044c081 event=0 ip=198.41.192.7 location=eze05 protocol=quic
2026-01-16T13:45:34Z INF Tunnel connection curve preferences: [X25519MLKEM768 CurveP256] connIndex=2 event=0 ip=198.41.200.43
2026-01-16T13:45:35Z INF Registered tunnel connection connIndex=2 connection=da14f29c-6c61-452a-a897-531dafe825a3 event=0 ip=198.41.200.43 location=eze01 protocol=quic
2026-01-16T13:45:35Z INF Tunnel connection curve preferences: [X25519MLKEM768 CurveP256] connIndex=3 event=0 ip=198.41.192.77
2026-01-16T13:45:35Z ERR failed to run the datagram handler error="context canceled" connIndex=3 event=0 ip=198.41.192.77
2026-01-16T13:45:35Z WRN failed to serve tunnel connection error="control stream encountered a failure while serving" connIndex=3 event=0 ip=198.41.192.77
2026-01-16T13:45:35Z WRN Serve tunnel error error="control stream encountered a failure while serving" connIndex=3 event=0 ip=198.41.192.77
2026-01-16T13:45:35Z INF Retrying connection in up to 2s connIndex=3 event=0 ip=198.41.192.77
2026-01-16T13:45:36Z WRN Connection terminated error="control stream encountered a failure while serving" connIndex=3
2026-01-16T13:45:56Z INF Tunnel connection curve preferences: [X25519MLKEM768 CurveP256] connIndex=3 event=0 ip=198.41.192.77
2026-01-16T13:45:56Z ERR failed to run the datagram handler error="context canceled" connIndex=3 event=0 ip=198.41.192.77
2026-01-16T13:45:56Z WRN failed to serve tunnel connection error="control stream encountered a failure while serving" connIndex=3 event=0 ip=198.41.192.77
2026-01-16T13:45:56Z WRN Serve tunnel error error="control stream encountered a failure while serving" connIndex=3 event=0 ip=198.41.192.77
2026-01-16T13:45:56Z INF Retrying connection in up to 4s connIndex=3 event=0 ip=198.41.192.77
2026-01-16T13:45:58Z WRN Connection terminated error="control stream encountered a failure while serving" connIndex=3
2026-01-16T13:46:38Z INF Tunnel connection curve preferences: [X25519MLKEM768 CurveP256] connIndex=3 event=0 ip=198.41.192.77
2026-01-16T13:46:38Z ERR failed to run the datagram handler error="context canceled" connIndex=3 event=0 ip=198.41.192.77
2026-01-16T13:46:38Z WRN failed to serve tunnel connection error="control stream encountered a failure while serving" connIndex=3 event=0 ip=198.41.192.77
2026-01-16T13:46:38Z WRN Serve tunnel error error="control stream encountered a failure while serving" connIndex=3 event=0 ip=198.41.192.77
2026-01-16T13:46:38Z INF Retrying connection in up to 8s connIndex=3 event=0 ip=198.41.192.77
2026-01-16T13:46:41Z WRN Connection terminated error="control stream encountered a failure while serving" connIndex=3
2026-01-16T13:47:11Z INF Tunnel connection curve preferences: [X25519MLKEM768 CurveP256] connIndex=3 event=0 ip=198.41.192.77
2026-01-16T13:47:11Z ERR failed to run the datagram handler error="context canceled" connIndex=3 event=0 ip=198.41.192.77
2026-01-16T13:47:11Z WRN failed to serve tunnel connection error="control stream encountered a failure while serving" connIndex=3 event=0 ip=198.41.192.77
2026-01-16T13:47:11Z WRN Serve tunnel error error="control stream encountered a failure while serving" connIndex=3 event=0 ip=198.41.192.77
2026-01-16T13:47:11Z INF Retrying connection in up to 16s connIndex=3 event=0 ip=198.41.192.77
2026-01-16T13:47:13Z WRN Connection terminated error="control stream encountered a failure while serving" connIndex=3
2026-01-16T13:47:36Z INF Tunnel connection curve preferences: [X25519MLKEM768 CurveP256] connIndex=3 event=0 ip=198.41.192.77
2026-01-16T13:47:36Z ERR failed to run the datagram handler error="context canceled" connIndex=3 event=0 ip=198.41.192.77
2026-01-16T13:47:36Z WRN failed to serve tunnel connection error="control stream encountered a failure while serving" connIndex=3 event=0 ip=198.41.192.77
2026-01-16T13:47:36Z WRN Serve tunnel error error="control stream encountered a failure while serving" connIndex=3 event=0 ip=198.41.192.77
2026-01-16T13:47:36Z INF Retrying connection in up to 32s connIndex=3 event=0 ip=198.41.192.77
2026-01-16T13:47:53Z WRN Connection terminated error="control stream encountered a failure while serving" connIndex=3
2026-01-16T13:50:10Z INF Tunnel connection curve preferences: [X25519MLKEM768 CurveP256] connIndex=3 event=0 ip=198.41.192.77
2026-01-16T13:50:10Z ERR failed to run the datagram handler error="context canceled" connIndex=3 event=0 ip=198.41.192.77
2026-01-16T13:50:10Z WRN failed to serve tunnel connection error="control stream encountered a failure while serving" connIndex=3 event=0 ip=198.41.192.77
2026-01-16T13:50:10Z WRN Serve tunnel error error="control stream encountered a failure while serving" connIndex=3 event=0 ip=198.41.192.77
2026-01-16T13:50:10Z INF Retrying connection in up to 1m4s connIndex=3 event=0 ip=198.41.192.77
2026-01-16T13:50:27Z WRN Connection terminated error="control stream encountered a failure while serving" connIndex=3
2026-01-16T13:54:56Z INF Tunnel connection curve preferences: [X25519MLKEM768 CurveP256] connIndex=3 event=0 ip=198.41.192.77
2026-01-16T13:54:56Z ERR failed to run the datagram handler error="context canceled" connIndex=3 event=0 ip=198.41.192.77
2026-01-16T13:54:56Z WRN failed to serve tunnel connection error="control stream encountered a failure while serving" connIndex=3 event=0 ip=198.41.192.77
2026-01-16T13:54:56Z WRN Serve tunnel error error="control stream encountered a failure while serving" connIndex=3 event=0 ip=198.41.192.77
2026-01-16T13:54:56Z INF Retrying connection in up to 1m4s connIndex=3 event=0 ip=198.41.192.77
2026-01-16T13:55:22Z WRN Connection terminated error="control stream encountered a failure while serving" connIndex=3
2026-01-16T13:58:51Z INF Tunnel connection curve preferences: [X25519MLKEM768 CurveP256] connIndex=3 event=0 ip=198.41.192.77
2026-01-16T13:58:51Z ERR failed to run the datagram handler error="context canceled" connIndex=3 event=0 ip=198.41.192.77
2026-01-16T13:58:51Z WRN failed to serve tunnel connection error="control stream encountered a failure while serving" connIndex=3 event=0 ip=198.41.192.77
2026-01-16T13:58:51Z WRN Serve tunnel error error="control stream encountered a failure while serving" connIndex=3 event=0 ip=198.41.192.77
2026-01-16T13:58:51Z INF Retrying connection in up to 1m4s connIndex=3 event=0 ip=198.41.192.77
2026-01-16T13:59:12Z WRN Connection terminated error="control stream encountered a failure while serving" connIndex=3
2026-01-16T14:02:59Z INF Tunnel connection curve preferences: [X25519MLKEM768 CurveP256] connIndex=3 event=0 ip=198.41.192.77
2026-01-16T14:02:59Z ERR failed to run the datagram handler error="context canceled" connIndex=3 event=0 ip=198.41.192.77
2026-01-16T14:02:59Z WRN failed to serve tunnel connection error="control stream encountered a failure while serving" connIndex=3 event=0 ip=198.41.192.77
2026-01-16T14:02:59Z WRN Serve tunnel error error="control stream encountered a failure while serving" connIndex=3 event=0 ip=198.41.192.77
2026-01-16T14:02:59Z INF Retrying connection in up to 1m4s connIndex=3 event=0 ip=198.41.192.77
2026-01-16T14:03:21Z WRN Connection terminated error="control stream encountered a failure while serving" connIndex=3
2026-01-16T14:07:09Z INF Initiating graceful shutdown due to signal terminated ...
2026-01-16T14:07:09Z ERR failed to run the datagram handler error="context canceled" connIndex=2 event=0 ip=198.41.200.43
2026-01-16T14:07:09Z ERR failed to run the datagram handler error="context canceled" connIndex=0 event=0 ip=198.41.200.53
2026-01-16T14:07:09Z ERR failed to run the datagram handler error="context canceled" connIndex=1 event=0 ip=198.41.192.7
2026-01-16T14:07:09Z ERR failed to serve tunnel connection error="accept stream listener encountered a failure while serving" connIndex=1 event=0 ip=198.41.192.7
2026-01-16T14:07:09Z ERR Serve tunnel error error="accept stream listener encountered a failure while serving" connIndex=1 event=0 ip=198.41.192.7
2026-01-16T14:07:09Z INF Retrying connection in up to 1s connIndex=1 event=0 ip=198.41.192.7
2026-01-16T14:07:09Z ERR failed to serve tunnel connection error="accept stream listener encountered a failure while serving" connIndex=0 event=0 ip=198.41.200.53
2026-01-16T14:07:09Z ERR Serve tunnel error error="accept stream listener encountered a failure while serving" connIndex=0 event=0 ip=198.41.200.53
2026-01-16T14:07:09Z INF Retrying connection in up to 1s connIndex=0 event=0 ip=198.41.200.53
2026-01-16T14:07:09Z ERR Connection terminated connIndex=1
2026-01-16T14:07:09Z ERR Connection terminated connIndex=0
2026-01-16T14:07:09Z ERR failed to serve tunnel connection error="accept stream listener encountered a failure while serving" connIndex=2 event=0 ip=198.41.200.43
2026-01-16T14:07:09Z ERR Serve tunnel error error="accept stream listener encountered a failure while serving" connIndex=2 event=0 ip=198.41.200.43
2026-01-16T14:07:09Z INF Retrying connection in up to 1s connIndex=2 event=0 ip=198.41.200.43
2026-01-16T14:07:09Z ERR Connection terminated connIndex=2
2026-01-16T14:07:09Z ERR no more connections active and exiting
2026-01-16T14:07:09Z INF Tunnel server stopped
2026-01-16T14:07:09Z ERR icmp router terminated error="context canceled"
2026-01-16T14:07:09Z INF Metrics server stopped
